TN:
SF:src\App.vue
FN:5,render
FNF:1
FNH:0
FNDA:0,render
DA:2,0
DA:3,0
DA:4,0
DA:6,0
DA:7,0
DA:9,0
DA:10,0
LF:7
LH:0
BRF:0
BRH:0
end_of_record
TN:
SF:src\components\AssignContent\FileContent.vue
FN:7,(anonymous_0)
FN:8,adopt
FN:9,(anonymous_2)
FN:13,(anonymous_3)
FN:14,fulfilled
FN:21,rejected
FN:28,step
FN:38,(anonymous_7)
FN:41,(anonymous_8)
FN:56,(anonymous_9)
FN:59,verb
FN:60,(anonymous_11)
FN:64,step
FN:138,(anonymous_13)
FN:148,updateData
FN:149,(anonymous_15)
FN:151,(anonymous_16)
FN:193,(anonymous_17)
FN:195,(anonymous_18)
FN:203,(anonymous_19)
FN:206,(anonymous_20)
FN:209,(anonymous_21)
FN:212,(anonymous_22)
FN:215,(anonymous_23)
FN:218,(anonymous_24)
FN:221,(anonymous_25)
FN:224,(anonymous_26)
FN:228,(anonymous_27)
FN:250,render
FNF:29
FNH:0
FNDA:0,(anonymous_0)
FNDA:0,adopt
FNDA:0,(anonymous_2)
FNDA:0,(anonymous_3)
FNDA:0,fulfilled
FNDA:0,rejected
FNDA:0,step
FNDA:0,(anonymous_7)
FNDA:0,(anonymous_8)
FNDA:0,(anonymous_9)
FNDA:0,verb
FNDA:0,(anonymous_11)
FNDA:0,step
FNDA:0,(anonymous_13)
FNDA:0,updateData
FNDA:0,(anonymous_15)
FNDA:0,(anonymous_16)
FNDA:0,(anonymous_17)
FNDA:0,(anonymous_18)
FNDA:0,(anonymous_19)
FNDA:0,(anonymous_20)
FNDA:0,(anonymous_21)
FNDA:0,(anonymous_22)
FNDA:0,(anonymous_23)
FNDA:0,(anonymous_24)
FNDA:0,(anonymous_25)
FNDA:0,(anonymous_26)
FNDA:0,(anonymous_27)
FNDA:0,render
DA:5,0
DA:9,0
DA:10,0
DA:13,0
DA:15,0
DA:16,0
DA:18,0
DA:22,0
DA:23,0
DA:25,0
DA:29,0
DA:31,0
DA:36,0
DA:39,0
DA:42,0
DA:43,0
DA:52,0
DA:57,0
DA:60,0
DA:61,0
DA:65,0
DA:66,0
DA:67,0
DA:68,0
DA:69,0
DA:72,0
DA:73,0
DA:75,0
DA:76,0
DA:81,0
DA:82,0
DA:83,0
DA:84,0
DA:86,0
DA:87,0
DA:88,0
DA:90,0
DA:91,0
DA:92,0
DA:94,0
DA:95,0
DA:96,0
DA:98,0
DA:99,0
DA:100,0
DA:101,0
DA:103,0
DA:104,0
DA:105,0
DA:106,0
DA:108,0
DA:109,0
DA:110,0
DA:112,0
DA:114,0
DA:115,0
DA:117,0
DA:119,0
DA:120,0
DA:126,0
DA:129,0
DA:130,0
DA:131,0
DA:132,0
DA:133,0
DA:134,0
DA:135,0
DA:136,0
DA:139,0
DA:140,0
DA:141,0
DA:142,0
DA:143,0
DA:144,0
DA:145,0
DA:146,0
DA:147,0
DA:149,0
DA:151,0
DA:152,0
DA:154,0
DA:155,0
DA:156,0
DA:157,0
DA:159,0
DA:160,0
DA:161,0
DA:187,0
DA:193,0
DA:194,0
DA:196,0
DA:200,0
DA:204,0
DA:207,0
DA:210,0
DA:213,0
DA:216,0
DA:219,0
DA:222,0
DA:225,0
DA:229,0
DA:232,0
DA:236,0
DA:240,0
DA:241,0
DA:242,0
DA:243,0
DA:247,0
DA:248,0
DA:249,0
DA:251,0
DA:252,0
DA:253,0
DA:254,0
DA:302,0
DA:303,0
LF:116
LH:0
BRDA:5,0,0,0
BRDA:5,0,1,0
BRDA:9,1,0,0
BRDA:9,1,1,0
BRDA:13,2,0,0
BRDA:13,2,1,0
BRDA:29,3,0,0
BRDA:29,3,1,0
BRDA:31,4,0,0
BRDA:31,4,1,0
BRDA:36,5,0,0
BRDA:36,5,1,0
BRDA:42,6,0,0
BRDA:42,6,1,0
BRDA:56,7,0,0
BRDA:56,7,1,0
BRDA:65,8,0,0
BRDA:65,8,1,0
BRDA:66,9,0,0
BRDA:66,9,1,0
BRDA:66,10,0,0
BRDA:66,10,1,0
BRDA:67,11,0,0
BRDA:67,11,1,0
BRDA:67,12,0,0
BRDA:67,12,1,0
BRDA:67,12,2,0
BRDA:67,13,0,0
BRDA:67,13,1,0
BRDA:67,14,0,0
BRDA:67,14,1,0
BRDA:67,15,0,0
BRDA:67,15,1,0
BRDA:67,16,0,0
BRDA:67,16,1,0
BRDA:68,17,0,0
BRDA:68,17,1,0
BRDA:69,18,0,0
BRDA:69,18,1,0
BRDA:69,18,2,0
BRDA:69,18,3,0
BRDA:69,18,4,0
BRDA:69,18,5,0
BRDA:90,19,0,0
BRDA:90,19,1,0
BRDA:90,20,0,0
BRDA:90,20,1,0
BRDA:90,20,2,0
BRDA:90,21,0,0
BRDA:90,21,1,0
BRDA:94,22,0,0
BRDA:94,22,1,0
BRDA:94,23,0,0
BRDA:94,23,1,0
BRDA:94,23,2,0
BRDA:94,23,3,0
BRDA:98,24,0,0
BRDA:98,24,1,0
BRDA:98,25,0,0
BRDA:98,25,1,0
BRDA:103,26,0,0
BRDA:103,26,1,0
BRDA:103,27,0,0
BRDA:103,27,1,0
BRDA:108,28,0,0
BRDA:108,28,1,0
BRDA:119,29,0,0
BRDA:119,29,1,0
BRDA:121,30,0,0
BRDA:121,30,1,0
BRDA:152,31,0,0
BRDA:152,31,1,0
BRDA:255,32,0,0
BRDA:255,32,1,0
BRDA:258,33,0,0
BRDA:258,33,1,0
BRDA:265,34,0,0
BRDA:265,34,1,0
BRDA:273,35,0,0
BRDA:273,35,1,0
BRDA:284,36,0,0
BRDA:284,36,1,0
BRDA:291,37,0,0
BRDA:291,37,1,0
BRF:84
BRH:0
end_of_record
TN:
SF:src\components\AssignContent\Tab-detail.vue
FN:7,(anonymous_0)
FN:8,adopt
FN:9,(anonymous_2)
FN:13,(anonymous_3)
FN:14,fulfilled
FN:21,rejected
FN:28,step
FN:38,(anonymous_7)
FN:41,(anonymous_8)
FN:56,(anonymous_9)
FN:59,verb
FN:60,(anonymous_11)
FN:64,step
FN:135,(anonymous_13)
FN:141,getActiveTabClientX
FN:142,(anonymous_15)
FN:144,(anonymous_16)
FN:154,(anonymous_17)
FN:171,setDropdown
FN:175,handleDropdownVisible
FN:182,handleContextMenu
FN:183,(anonymous_21)
FN:185,(anonymous_22)
FN:193,(anonymous_23)
FN:208,(anonymous_24)
FN:210,(anonymous_25)
FN:222,(anonymous_26)
FN:225,(anonymous_27)
FN:243,render
FNF:29
FNH:0
FNDA:0,(anonymous_0)
FNDA:0,adopt
FNDA:0,(anonymous_2)
FNDA:0,(anonymous_3)
FNDA:0,fulfilled
FNDA:0,rejected
FNDA:0,step
FNDA:0,(anonymous_7)
FNDA:0,(anonymous_8)
FNDA:0,(anonymous_9)
FNDA:0,verb
FNDA:0,(anonymous_11)
FNDA:0,step
FNDA:0,(anonymous_13)
FNDA:0,getActiveTabClientX
FNDA:0,(anonymous_15)
FNDA:0,(anonymous_16)
FNDA:0,(anonymous_17)
FNDA:0,setDropdown
FNDA:0,handleDropdownVisible
FNDA:0,handleContextMenu
FNDA:0,(anonymous_21)
FNDA:0,(anonymous_22)
FNDA:0,(anonymous_23)
FNDA:0,(anonymous_24)
FNDA:0,(anonymous_25)
FNDA:0,(anonymous_26)
FNDA:0,(anonymous_27)
FNDA:0,render
DA:5,0
DA:9,0
DA:10,0
DA:13,0
DA:15,0
DA:16,0
DA:18,0
DA:22,0
DA:23,0
DA:25,0
DA:29,0
DA:31,0
DA:36,0
DA:39,0
DA:42,0
DA:43,0
DA:52,0
DA:57,0
DA:60,0
DA:61,0
DA:65,0
DA:66,0
DA:67,0
DA:68,0
DA:69,0
DA:72,0
DA:73,0
DA:75,0
DA:76,0
DA:81,0
DA:82,0
DA:83,0
DA:84,0
DA:86,0
DA:87,0
DA:88,0
DA:90,0
DA:91,0
DA:92,0
DA:94,0
DA:95,0
DA:96,0
DA:98,0
DA:99,0
DA:100,0
DA:101,0
DA:103,0
DA:104,0
DA:105,0
DA:106,0
DA:108,0
DA:109,0
DA:110,0
DA:112,0
DA:114,0
DA:115,0
DA:117,0
DA:119,0
DA:120,0
DA:126,0
DA:129,0
DA:130,0
DA:131,0
DA:132,0
DA:136,0
DA:137,0
DA:138,0
DA:139,0
DA:140,0
DA:142,0
DA:144,0
DA:145,0
DA:147,0
DA:149,0
DA:150,0
DA:151,0
DA:152,0
DA:153,0
DA:154,0
DA:155,0
DA:158,0
DA:164,0
DA:172,0
DA:174,0
DA:176,0
DA:177,0
DA:183,0
DA:185,0
DA:186,0
DA:187,0
DA:188,0
DA:189,0
DA:190,0
DA:193,0
DA:194,0
DA:201,0
DA:203,0
DA:208,0
DA:209,0
DA:211,0
DA:215,0
DA:223,0
DA:226,0
DA:231,0
DA:235,0
DA:239,0
DA:240,0
DA:241,0
DA:242,0
DA:244,0
DA:246,0
DA:247,0
LF:112
LH:0
BRDA:5,0,0,0
BRDA:5,0,1,0
BRDA:9,1,0,0
BRDA:9,1,1,0
BRDA:13,2,0,0
BRDA:13,2,1,0
BRDA:29,3,0,0
BRDA:29,3,1,0
BRDA:31,4,0,0
BRDA:31,4,1,0
BRDA:36,5,0,0
BRDA:36,5,1,0
BRDA:42,6,0,0
BRDA:42,6,1,0
BRDA:56,7,0,0
BRDA:56,7,1,0
BRDA:65,8,0,0
BRDA:65,8,1,0
BRDA:66,9,0,0
BRDA:66,9,1,0
BRDA:66,10,0,0
BRDA:66,10,1,0
BRDA:67,11,0,0
BRDA:67,11,1,0
BRDA:67,12,0,0
BRDA:67,12,1,0
BRDA:67,12,2,0
BRDA:67,13,0,0
BRDA:67,13,1,0
BRDA:67,14,0,0
BRDA:67,14,1,0
BRDA:67,15,0,0
BRDA:67,15,1,0
BRDA:67,16,0,0
BRDA:67,16,1,0
BRDA:68,17,0,0
BRDA:68,17,1,0
BRDA:69,18,0,0
BRDA:69,18,1,0
BRDA:69,18,2,0
BRDA:69,18,3,0
BRDA:69,18,4,0
BRDA:69,18,5,0
BRDA:90,19,0,0
BRDA:90,19,1,0
BRDA:90,20,0,0
BRDA:90,20,1,0
BRDA:90,20,2,0
BRDA:90,21,0,0
BRDA:90,21,1,0
BRDA:94,22,0,0
BRDA:94,22,1,0
BRDA:94,23,0,0
BRDA:94,23,1,0
BRDA:94,23,2,0
BRDA:94,23,3,0
BRDA:98,24,0,0
BRDA:98,24,1,0
BRDA:98,25,0,0
BRDA:98,25,1,0
BRDA:103,26,0,0
BRDA:103,26,1,0
BRDA:103,27,0,0
BRDA:103,27,1,0
BRDA:108,28,0,0
BRDA:108,28,1,0
BRDA:119,29,0,0
BRDA:119,29,1,0
BRDA:121,30,0,0
BRDA:121,30,1,0
BRDA:145,31,0,0
BRDA:145,31,1,0
BRDA:150,32,0,0
BRDA:150,32,1,0
BRDA:150,33,0,0
BRDA:150,33,1,0
BRDA:150,33,2,0
BRDA:176,34,0,0
BRDA:176,34,1,0
BRDA:189,35,0,0
BRDA:189,35,1,0
BRF:81
BRH:0
end_of_record
TN:
SF:src\components\AssignLeftBar\Sider.vue
FN:7,(anonymous_0)
FN:42,(anonymous_1)
FN:49,(anonymous_2)
FN:73,render
FN:84,(anonymous_4)
FN:92,(anonymous_5)
FN:96,(anonymous_6)
FN:108,(anonymous_7)
FN:111,(anonymous_8)
FN:114,(anonymous_9)
FN:121,(anonymous_10)
FN:127,(anonymous_11)
FNF:12
FNH:0
FNDA:0,(anonymous_0)
FNDA:0,(anonymous_1)
FNDA:0,(anonymous_2)
FNDA:0,render
FNDA:0,(anonymous_4)
FNDA:0,(anonymous_5)
FNDA:0,(anonymous_6)
FNDA:0,(anonymous_7)
FNDA:0,(anonymous_8)
FNDA:0,(anonymous_9)
FNDA:0,(anonymous_10)
FNDA:0,(anonymous_11)
DA:5,0
DA:8,0
DA:12,0
DA:15,0
DA:16,0
DA:17,0
DA:18,0
DA:19,0
DA:20,0
DA:21,0
DA:22,0
DA:23,0
DA:24,0
DA:43,0
DA:50,0
DA:51,0
DA:52,0
DA:54,0
DA:55,0
DA:57,0
DA:58,0
DA:59,0
DA:68,0
DA:69,0
DA:70,0
DA:71,0
DA:72,0
DA:74,0
DA:75,0
DA:76,0
DA:77,0
DA:78,0
DA:79,0
DA:80,0
DA:81,0
DA:82,0
DA:83,0
DA:84,0
DA:92,0
DA:97,0
DA:108,0
DA:111,0
DA:114,0
DA:121,0
DA:127,0
DA:144,0
DA:145,0
LF:47
LH:0
BRDA:5,0,0,0
BRDA:5,0,1,0
BRDA:8,1,0,0
BRDA:8,1,1,0
BRDA:8,2,0,0
BRDA:8,2,1,0
BRDA:51,3,0,0
BRDA:51,3,1,0
BRDA:93,4,0,0
BRDA:93,4,1,0
BRDA:98,5,0,0
BRDA:98,5,1,0
BRDA:112,6,0,0
BRDA:112,6,1,0
BRDA:119,7,0,0
BRDA:119,7,1,0
BRF:16
BRH:0
end_of_record
TN:
SF:src\components\AssignLeftBar\TreeMenu.vue
FN:16,(anonymous_0)
FN:22,(anonymous_1)
FN:25,(anonymous_2)
FN:28,(anonymous_3)
FN:43,render
FN:48,(anonymous_5)
FN:55,(anonymous_6)
FN:57,(anonymous_7)
FN:64,(anonymous_8)
FN:76,(anonymous_9)
FN:78,(anonymous_10)
FN:85,(anonymous_11)
FN:96,(anonymous_12)
FN:99,(anonymous_13)
FN:101,(anonymous_14)
FNF:15
FNH:0
FNDA:0,(anonymous_0)
FNDA:0,(anonymous_1)
FNDA:0,(anonymous_2)
FNDA:0,(anonymous_3)
FNDA:0,render
FNDA:0,(anonymous_5)
FNDA:0,(anonymous_6)
FNDA:0,(anonymous_7)
FNDA:0,(anonymous_8)
FNDA:0,(anonymous_9)
FNDA:0,(anonymous_10)
FNDA:0,(anonymous_11)
FNDA:0,(anonymous_12)
FNDA:0,(anonymous_13)
FNDA:0,(anonymous_14)
DA:3,0
DA:6,0
DA:7,0
DA:8,0
DA:17,0
DA:18,0
DA:19,0
DA:20,0
DA:23,0
DA:26,0
DA:29,0
DA:32,0
DA:36,0
DA:40,0
DA:41,0
DA:42,0
DA:44,0
DA:45,0
DA:46,0
DA:47,0
DA:48,0
DA:49,0
DA:55,0
DA:57,0
DA:64,0
DA:76,0
DA:78,0
DA:85,0
DA:96,0
DA:99,0
DA:101,0
DA:112,0
DA:113,0
LF:33
LH:0
BRDA:50,0,0,0
BRDA:50,0,1,0
BRDA:71,1,0,0
BRDA:71,1,1,0
BRF:4
BRH:0
end_of_record
TN:
SF:src\components\AssignRightBar\AssignButton.vue
FN:21,render
FN:24,(anonymous_1)
FNF:2
FNH:0
FNDA:0,render
FNDA:0,(anonymous_1)
DA:3,0
DA:6,0
DA:9,0
DA:10,0
DA:11,0
DA:12,0
DA:13,0
DA:17,0
DA:22,0
DA:23,0
DA:24,0
DA:31,0
DA:32,0
LF:13
LH:0
BRF:0
BRH:0
end_of_record
TN:
SF:src\components\AssignRightBar\AssignInfo.vue
FN:15,(anonymous_0)
FN:16,(anonymous_1)
FN:53,(anonymous_2)
FN:61,(anonymous_3)
FN:63,(anonymous_4)
FN:113,render
FNF:6
FNH:0
FNDA:0,(anonymous_0)
FNDA:0,(anonymous_1)
FNDA:0,(anonymous_2)
FNDA:0,(anonymous_3)
FNDA:0,(anonymous_4)
FNDA:0,render
DA:3,0
DA:6,0
DA:9,0
DA:13,0
DA:16,0
DA:17,0
DA:18,0
DA:19,0
DA:21,0
DA:23,0
DA:25,0
DA:28,0
DA:29,0
DA:30,0
DA:31,0
DA:34,0
DA:54,0
DA:55,0
DA:56,0
DA:57,0
DA:58,0
DA:59,0
DA:60,0
DA:61,0
DA:62,0
DA:64,0
DA:65,0
DA:66,0
DA:67,0
DA:69,0
DA:74,0
DA:78,0
DA:82,0
DA:83,0
DA:84,0
DA:85,0
DA:89,0
DA:90,0
DA:91,0
DA:92,0
DA:106,0
DA:110,0
DA:111,0
DA:112,0
DA:114,0
DA:130,0
DA:131,0
LF:47
LH:0
BRDA:13,0,0,0
BRDA:13,0,1,0
BRDA:16,1,0,0
BRDA:16,1,1,0
BRDA:19,2,0,0
BRDA:19,2,1,0
BRF:6
BRH:0
end_of_record
TN:
SF:src\components\AssignRightBar\AssignRightBar.vue
FN:15,(anonymous_0)
FN:16,(anonymous_1)
FN:29,(anonymous_2)
FN:45,(anonymous_3)
FN:70,render
FNF:5
FNH:0
FNDA:0,(anonymous_0)
FNDA:0,(anonymous_1)
FNDA:0,(anonymous_2)
FNDA:0,(anonymous_3)
FNDA:0,render
DA:3,0
DA:6,0
DA:9,0
DA:13,0
DA:16,0
DA:17,0
DA:18,0
DA:19,0
DA:21,0
DA:23,0
DA:27,0
DA:30,0
DA:34,0
DA:37,0
DA:38,0
DA:39,0
DA:40,0
DA:41,0
DA:44,0
DA:46,0
DA:47,0
DA:48,0
DA:53,0
DA:57,0
DA:61,0
DA:62,0
DA:63,0
DA:64,0
DA:67,0
DA:68,0
DA:69,0
DA:71,0
DA:89,0
DA:90,0
LF:34
LH:0
BRDA:13,0,0,0
BRDA:13,0,1,0
BRDA:16,1,0,0
BRDA:16,1,1,0
BRDA:19,2,0,0
BRDA:19,2,1,0
BRDA:27,3,0,0
BRDA:27,3,1,0
BRDA:30,4,0,0
BRDA:30,4,1,0
BRDA:30,5,0,0
BRDA:30,5,1,0
BRF:12
BRH:0
end_of_record
TN:
SF:src\components\AssignRightBar\Card.vue
FN:15,(anonymous_0)
FN:16,(anonymous_1)
FN:37,(anonymous_2)
FN:41,(anonymous_3)
FN:44,(anonymous_4)
FN:47,(anonymous_5)
FN:50,(anonymous_6)
FN:54,(anonymous_7)
FN:58,(anonymous_8)
FN:62,(anonymous_9)
FN:66,(anonymous_10)
FN:70,(anonymous_11)
FN:75,(anonymous_12)
FN:80,(anonymous_13)
FN:86,(anonymous_14)
FN:89,(anonymous_15)
FN:92,(anonymous_16)
FN:95,(anonymous_17)
FN:98,(anonymous_18)
FN:102,(anonymous_19)
FN:106,(anonymous_20)
FN:119,updatePointer
FN:120,(anonymous_22)
FN:129,(anonymous_23)
FN:132,(anonymous_24)
FN:153,(anonymous_25)
FN:156,(anonymous_26)
FN:159,(anonymous_27)
FN:162,(anonymous_28)
FN:165,(anonymous_29)
FN:168,(anonymous_30)
FN:171,(anonymous_31)
FN:174,(anonymous_32)
FN:178,(anonymous_33)
FN:181,(anonymous_34)
FN:184,(anonymous_35)
FN:217,render
FN:224,(anonymous_37)
FN:226,(anonymous_38)
FN:228,(anonymous_39)
FN:231,(anonymous_40)
FN:235,(anonymous_41)
FN:237,(anonymous_42)
FN:249,(anonymous_43)
FN:253,(anonymous_44)
FN:262,(anonymous_45)
FN:263,(anonymous_46)
FN:264,(anonymous_47)
FN:275,(anonymous_48)
FN:284,(anonymous_49)
FN:285,(anonymous_50)
FN:286,(anonymous_51)
FN:303,(anonymous_52)
FN:305,(anonymous_53)
FN:308,(anonymous_54)
FN:310,(anonymous_55)
FN:316,(anonymous_56)
FN:322,(anonymous_57)
FN:323,(anonymous_58)
FN:341,(anonymous_59)
FN:344,(anonymous_60)
FN:346,(anonymous_61)
FN:358,(anonymous_62)
FN:362,(anonymous_63)
FN:364,(anonymous_64)
FN:367,(anonymous_65)
FN:370,(anonymous_66)
FN:379,(anonymous_67)
FN:381,(anonymous_68)
FN:384,(anonymous_69)
FN:389,(anonymous_70)
FN:390,(anonymous_71)
FN:391,(anonymous_72)
FN:399,(anonymous_73)
FN:409,(anonymous_74)
FN:411,(anonymous_75)
FN:412,(anonymous_76)
FN:413,(anonymous_77)
FN:422,(anonymous_78)
FN:433,(anonymous_79)
FN:436,(anonymous_80)
FN:438,(anonymous_81)
FN:440,(anonymous_82)
FNF:83
FNH:0
FNDA:0,(anonymous_0)
FNDA:0,(anonymous_1)
FNDA:0,(anonymous_2)
FNDA:0,(anonymous_3)
FNDA:0,(anonymous_4)
FNDA:0,(anonymous_5)
FNDA:0,(anonymous_6)
FNDA:0,(anonymous_7)
FNDA:0,(anonymous_8)
FNDA:0,(anonymous_9)
FNDA:0,(anonymous_10)
FNDA:0,(anonymous_11)
FNDA:0,(anonymous_12)
FNDA:0,(anonymous_13)
FNDA:0,(anonymous_14)
FNDA:0,(anonymous_15)
FNDA:0,(anonymous_16)
FNDA:0,(anonymous_17)
FNDA:0,(anonymous_18)
FNDA:0,(anonymous_19)
FNDA:0,(anonymous_20)
FNDA:0,updatePointer
FNDA:0,(anonymous_22)
FNDA:0,(anonymous_23)
FNDA:0,(anonymous_24)
FNDA:0,(anonymous_25)
FNDA:0,(anonymous_26)
FNDA:0,(anonymous_27)
FNDA:0,(anonymous_28)
FNDA:0,(anonymous_29)
FNDA:0,(anonymous_30)
FNDA:0,(anonymous_31)
FNDA:0,(anonymous_32)
FNDA:0,(anonymous_33)
FNDA:0,(anonymous_34)
FNDA:0,(anonymous_35)
FNDA:0,render
FNDA:0,(anonymous_37)
FNDA:0,(anonymous_38)
FNDA:0,(anonymous_39)
FNDA:0,(anonymous_40)
FNDA:0,(anonymous_41)
FNDA:0,(anonymous_42)
FNDA:0,(anonymous_43)
FNDA:0,(anonymous_44)
FNDA:0,(anonymous_45)
FNDA:0,(anonymous_46)
FNDA:0,(anonymous_47)
FNDA:0,(anonymous_48)
FNDA:0,(anonymous_49)
FNDA:0,(anonymous_50)
FNDA:0,(anonymous_51)
FNDA:0,(anonymous_52)
FNDA:0,(anonymous_53)
FNDA:0,(anonymous_54)
FNDA:0,(anonymous_55)
FNDA:0,(anonymous_56)
FNDA:0,(anonymous_57)
FNDA:0,(anonymous_58)
FNDA:0,(anonymous_59)
FNDA:0,(anonymous_60)
FNDA:0,(anonymous_61)
FNDA:0,(anonymous_62)
FNDA:0,(anonymous_63)
FNDA:0,(anonymous_64)
FNDA:0,(anonymous_65)
FNDA:0,(anonymous_66)
FNDA:0,(anonymous_67)
FNDA:0,(anonymous_68)
FNDA:0,(anonymous_69)
FNDA:0,(anonymous_70)
FNDA:0,(anonymous_71)
FNDA:0,(anonymous_72)
FNDA:0,(anonymous_73)
FNDA:0,(anonymous_74)
FNDA:0,(anonymous_75)
FNDA:0,(anonymous_76)
FNDA:0,(anonymous_77)
FNDA:0,(anonymous_78)
FNDA:0,(anonymous_79)
FNDA:0,(anonymous_80)
FNDA:0,(anonymous_81)
FNDA:0,(anonymous_82)
DA:3,0
DA:6,0
DA:9,0
DA:13,0
DA:16,0
DA:17,0
DA:18,0
DA:19,0
DA:21,0
DA:23,0
DA:25,0
DA:28,0
DA:29,0
DA:30,0
DA:31,0
DA:32,0
DA:33,0
DA:36,0
DA:38,0
DA:39,0
DA:40,0
DA:41,0
DA:42,0
DA:44,0
DA:45,0
DA:47,0
DA:48,0
DA:50,0
DA:51,0
DA:52,0
DA:54,0
DA:55,0
DA:56,0
DA:58,0
DA:59,0
DA:60,0
DA:62,0
DA:63,0
DA:64,0
DA:66,0
DA:67,0
DA:68,0
DA:70,0
DA:72,0
DA:73,0
DA:75,0
DA:77,0
DA:78,0
DA:80,0
DA:81,0
DA:82,0
DA:83,0
DA:86,0
DA:87,0
DA:89,0
DA:90,0
DA:92,0
DA:93,0
DA:95,0
DA:96,0
DA:98,0
DA:99,0
DA:100,0
DA:102,0
DA:103,0
DA:104,0
DA:106,0
DA:108,0
DA:109,0
DA:111,0
DA:112,0
DA:113,0
DA:114,0
DA:115,0
DA:116,0
DA:117,0
DA:118,0
DA:120,0
DA:122,0
DA:123,0
DA:124,0
DA:127,0
DA:128,0
DA:130,0
DA:133,0
DA:154,0
DA:157,0
DA:160,0
DA:163,0
DA:166,0
DA:169,0
DA:172,0
DA:175,0
DA:179,0
DA:182,0
DA:185,0
DA:188,0
DA:192,0
DA:196,0
DA:197,0
DA:198,0
DA:199,0
DA:200,0
DA:201,0
DA:202,0
DA:203,0
DA:204,0
DA:205,0
DA:206,0
DA:207,0
DA:208,0
DA:209,0
DA:210,0
DA:211,0
DA:212,0
DA:213,0
DA:214,0
DA:215,0
DA:216,0
DA:218,0
DA:219,0
DA:220,0
DA:221,0
DA:222,0
DA:223,0
DA:224,0
DA:225,0
DA:226,0
DA:228,0
DA:231,0
DA:235,0
DA:237,0
DA:249,0
DA:253,0
DA:262,0
DA:263,0
DA:264,0
DA:275,0
DA:284,0
DA:285,0
DA:286,0
DA:303,0
DA:305,0
DA:308,0
DA:310,0
DA:316,0
DA:322,0
DA:323,0
DA:341,0
DA:344,0
DA:346,0
DA:359,0
DA:362,0
DA:364,0
DA:367,0
DA:370,0
DA:379,0
DA:381,0
DA:384,0
DA:389,0
DA:390,0
DA:391,0
DA:399,0
DA:409,0
DA:411,0
DA:412,0
DA:413,0
DA:422,0
DA:433,0
DA:436,0
DA:438,0
DA:440,0
DA:464,0
DA:465,0
LF:174
LH:0
BRDA:13,0,0,0
BRDA:13,0,1,0
BRDA:16,1,0,0
BRDA:16,1,1,0
BRDA:19,2,0,0
BRDA:19,2,1,0
BRDA:72,3,0,0
BRDA:72,3,1,0
BRDA:72,4,0,0
BRDA:72,4,1,0
BRDA:72,5,0,0
BRDA:72,5,1,0
BRDA:73,6,0,0
BRDA:73,6,1,0
BRDA:77,7,0,0
BRDA:77,7,1,0
BRDA:77,8,0,0
BRDA:77,8,1,0
BRDA:77,9,0,0
BRDA:77,9,1,0
BRDA:78,10,0,0
BRDA:78,10,1,0
BRDA:82,11,0,0
BRDA:82,11,1,0
BRDA:96,12,0,0
BRDA:96,12,1,0
BRDA:108,13,0,0
BRDA:108,13,1,0
BRDA:108,14,0,0
BRDA:108,14,1,0
BRDA:108,15,0,0
BRDA:108,15,1,0
BRDA:109,16,0,0
BRDA:109,16,1,0
BRDA:123,17,0,0
BRDA:123,17,1,0
BRDA:123,18,0,0
BRDA:123,18,1,0
BRDA:258,19,0,0
BRDA:258,19,1,0
BRDA:280,20,0,0
BRDA:280,20,1,0
BRDA:311,21,0,0
BRDA:311,21,1,0
BRDA:357,22,0,0
BRDA:357,22,1,0
BRF:46
BRH:0
end_of_record
TN:
SF:src\components\ChatInner\ChatInner.vue
FN:15,(anonymous_0)
FN:16,(anonymous_1)
FN:29,(anonymous_2)
FN:45,(anonymous_3)
FN:51,(anonymous_4)
FN:54,(anonymous_5)
FN:64,(anonymous_6)
FN:67,(anonymous_7)
FN:70,(anonymous_8)
FN:73,(anonymous_9)
FN:76,(anonymous_10)
FN:79,(anonymous_11)
FN:99,render
FN:105,(anonymous_13)
FN:114,(anonymous_14)
FNF:15
FNH:0
FNDA:0,(anonymous_0)
FNDA:0,(anonymous_1)
FNDA:0,(anonymous_2)
FNDA:0,(anonymous_3)
FNDA:0,(anonymous_4)
FNDA:0,(anonymous_5)
FNDA:0,(anonymous_6)
FNDA:0,(anonymous_7)
FNDA:0,(anonymous_8)
FNDA:0,(anonymous_9)
FNDA:0,(anonymous_10)
FNDA:0,(anonymous_11)
FNDA:0,render
FNDA:0,(anonymous_13)
FNDA:0,(anonymous_14)
DA:3,0
DA:6,0
DA:9,0
DA:13,0
DA:16,0
DA:17,0
DA:18,0
DA:19,0
DA:21,0
DA:23,0
DA:27,0
DA:30,0
DA:34,0
DA:37,0
DA:38,0
DA:39,0
DA:40,0
DA:41,0
DA:44,0
DA:46,0
DA:47,0
DA:48,0
DA:49,0
DA:50,0
DA:51,0
DA:52,0
DA:54,0
DA:55,0
DA:56,0
DA:57,0
DA:59,0
DA:60,0
DA:63,0
DA:65,0
DA:68,0
DA:71,0
DA:74,0
DA:77,0
DA:80,0
DA:87,0
DA:91,0
DA:95,0
DA:96,0
DA:97,0
DA:98,0
DA:100,0
DA:101,0
DA:105,0
DA:114,0
DA:124,0
DA:125,0
LF:51
LH:0
BRDA:13,0,0,0
BRDA:13,0,1,0
BRDA:16,1,0,0
BRDA:16,1,1,0
BRDA:19,2,0,0
BRDA:19,2,1,0
BRDA:27,3,0,0
BRDA:27,3,1,0
BRDA:30,4,0,0
BRDA:30,4,1,0
BRDA:30,5,0,0
BRDA:30,5,1,0
BRDA:55,6,0,0
BRDA:55,6,1,0
BRF:14
BRH:0
end_of_record
TN:
SF:src\components\ChatInner\ChatInnerFile.vue
FN:15,(anonymous_0)
FN:16,(anonymous_1)
FN:29,(anonymous_2)
FN:56,(anonymous_3)
FN:79,render
FN:85,(anonymous_5)
FN:88,(anonymous_6)
FN:96,(anonymous_7)
FN:98,(anonymous_8)
FNF:9
FNH:0
FNDA:0,(anonymous_0)
FNDA:0,(anonymous_1)
FNDA:0,(anonymous_2)
FNDA:0,(anonymous_3)
FNDA:0,render
FNDA:0,(anonymous_5)
FNDA:0,(anonymous_6)
FNDA:0,(anonymous_7)
FNDA:0,(anonymous_8)
DA:3,0
DA:6,0
DA:9,0
DA:13,0
DA:16,0
DA:17,0
DA:18,0
DA:19,0
DA:21,0
DA:23,0
DA:27,0
DA:30,0
DA:34,0
DA:37,0
DA:38,0
DA:39,0
DA:40,0
DA:41,0
DA:44,0
DA:57,0
DA:58,0
DA:59,0
DA:60,0
DA:61,0
DA:67,0
DA:71,0
DA:75,0
DA:76,0
DA:77,0
DA:78,0
DA:80,0
DA:86,0
DA:88,0
DA:96,0
DA:98,0
DA:113,0
DA:114,0
LF:37
LH:0
BRDA:13,0,0,0
BRDA:13,0,1,0
BRDA:16,1,0,0
BRDA:16,1,1,0
BRDA:19,2,0,0
BRDA:19,2,1,0
BRDA:27,3,0,0
BRDA:27,3,1,0
BRDA:30,4,0,0
BRDA:30,4,1,0
BRDA:30,5,0,0
BRDA:30,5,1,0
BRDA:96,6,0,0
BRDA:96,6,1,0
BRDA:108,7,0,0
BRDA:108,7,1,0
BRF:16
BRH:0
end_of_record
TN:
SF:src\components\ChatInner\ChatInnerFiles.vue
FN:15,(anonymous_0)
FN:16,(anonymous_1)
FN:29,(anonymous_2)
FN:51,(anonymous_3)
FN:79,render
FN:81,(anonymous_5)
FN:85,(anonymous_6)
FN:90,(anonymous_7)
FN:92,(anonymous_8)
FN:95,(anonymous_9)
FN:107,(anonymous_10)
FN:109,(anonymous_11)
FNF:12
FNH:0
FNDA:0,(anonymous_0)
FNDA:0,(anonymous_1)
FNDA:0,(anonymous_2)
FNDA:0,(anonymous_3)
FNDA:0,render
FNDA:0,(anonymous_5)
FNDA:0,(anonymous_6)
FNDA:0,(anonymous_7)
FNDA:0,(anonymous_8)
FNDA:0,(anonymous_9)
FNDA:0,(anonymous_10)
FNDA:0,(anonymous_11)
DA:3,0
DA:6,0
DA:9,0
DA:13,0
DA:16,0
DA:17,0
DA:18,0
DA:19,0
DA:21,0
DA:23,0
DA:27,0
DA:30,0
DA:34,0
DA:37,0
DA:38,0
DA:39,0
DA:40,0
DA:43,0
DA:52,0
DA:53,0
DA:54,0
DA:55,0
DA:56,0
DA:62,0
DA:66,0
DA:70,0
DA:71,0
DA:72,0
DA:73,0
DA:77,0
DA:78,0
DA:80,0
DA:81,0
DA:86,0
DA:90,0
DA:93,0
DA:95,0
DA:107,0
DA:109,0
DA:120,0
DA:121,0
LF:41
LH:0
BRDA:13,0,0,0
BRDA:13,0,1,0
BRDA:16,1,0,0
BRDA:16,1,1,0
BRDA:19,2,0,0
BRDA:19,2,1,0
BRDA:27,3,0,0
BRDA:27,3,1,0
BRDA:30,4,0,0
BRDA:30,4,1,0
BRDA:30,5,0,0
BRDA:30,5,1,0
BRDA:82,6,0,0
BRDA:82,6,1,0
BRDA:90,7,0,0
BRDA:90,7,1,0
BRDA:107,8,0,0
BRDA:107,8,1,0
BRF:18
BRH:0
end_of_record
TN:
SF:src\components\ChatInner\ChatInnerFooter.vue
FN:15,(anonymous_0)
FN:16,(anonymous_1)
FN:29,(anonymous_2)
FN:30,adopt
FN:31,(anonymous_4)
FN:35,(anonymous_5)
FN:36,fulfilled
FN:43,rejected
FN:50,step
FN:60,(anonymous_9)
FN:63,(anonymous_10)
FN:78,(anonymous_11)
FN:81,verb
FN:82,(anonymous_13)
FN:86,step
FN:152,(anonymous_15)
FN:173,(anonymous_16)
FN:182,(anonymous_17)
FN:189,(anonymous_18)
FN:192,(anonymous_19)
FN:195,(anonymous_20)
FN:198,(anonymous_21)
FN:201,(anonymous_22)
FN:206,(anonymous_23)
FN:214,(anonymous_24)
FN:222,(anonymous_25)
FN:228,onFileChange
FN:229,(anonymous_27)
FN:231,(anonymous_28)
FN:233,(anonymous_29)
FN:234,(anonymous_30)
FN:236,(anonymous_31)
FN:254,(anonymous_32)
FN:259,(anonymous_33)
FN:264,(anonymous_34)
FN:268,(anonymous_35)
FN:278,(anonymous_36)
FN:281,(anonymous_37)
FN:284,(anonymous_38)
FN:287,(anonymous_39)
FN:290,(anonymous_40)
FN:293,(anonymous_41)
FN:296,(anonymous_42)
FN:299,(anonymous_43)
FN:316,(anonymous_44)
FN:344,render
FN:353,(anonymous_46)
FN:380,(anonymous_47)
FN:406,(anonymous_48)
FNF:49
FNH:0
FNDA:0,(anonymous_0)
FNDA:0,(anonymous_1)
FNDA:0,(anonymous_2)
FNDA:0,adopt
FNDA:0,(anonymous_4)
FNDA:0,(anonymous_5)
FNDA:0,fulfilled
FNDA:0,rejected
FNDA:0,step
FNDA:0,(anonymous_9)
FNDA:0,(anonymous_10)
FNDA:0,(anonymous_11)
FNDA:0,verb
FNDA:0,(anonymous_13)
FNDA:0,step
FNDA:0,(anonymous_15)
FNDA:0,(anonymous_16)
FNDA:0,(anonymous_17)
FNDA:0,(anonymous_18)
FNDA:0,(anonymous_19)
FNDA:0,(anonymous_20)
FNDA:0,(anonymous_21)
FNDA:0,(anonymous_22)
FNDA:0,(anonymous_23)
FNDA:0,(anonymous_24)
FNDA:0,(anonymous_25)
FNDA:0,onFileChange
FNDA:0,(anonymous_27)
FNDA:0,(anonymous_28)
FNDA:0,(anonymous_29)
FNDA:0,(anonymous_30)
FNDA:0,(anonymous_31)
FNDA:0,(anonymous_32)
FNDA:0,(anonymous_33)
FNDA:0,(anonymous_34)
FNDA:0,(anonymous_35)
FNDA:0,(anonymous_36)
FNDA:0,(anonymous_37)
FNDA:0,(anonymous_38)
FNDA:0,(anonymous_39)
FNDA:0,(anonymous_40)
FNDA:0,(anonymous_41)
FNDA:0,(anonymous_42)
FNDA:0,(anonymous_43)
FNDA:0,(anonymous_44)
FNDA:0,render
FNDA:0,(anonymous_46)
FNDA:0,(anonymous_47)
FNDA:0,(anonymous_48)
DA:3,0
DA:6,0
DA:9,0
DA:13,0
DA:16,0
DA:17,0
DA:18,0
DA:19,0
DA:21,0
DA:23,0
DA:27,0
DA:31,0
DA:32,0
DA:35,0
DA:37,0
DA:38,0
DA:40,0
DA:44,0
DA:45,0
DA:47,0
DA:51,0
DA:53,0
DA:58,0
DA:61,0
DA:64,0
DA:65,0
DA:74,0
DA:79,0
DA:82,0
DA:83,0
DA:87,0
DA:88,0
DA:89,0
DA:90,0
DA:91,0
DA:94,0
DA:95,0
DA:97,0
DA:98,0
DA:103,0
DA:104,0
DA:105,0
DA:106,0
DA:108,0
DA:109,0
DA:110,0
DA:112,0
DA:113,0
DA:114,0
DA:116,0
DA:117,0
DA:118,0
DA:120,0
DA:121,0
DA:122,0
DA:123,0
DA:125,0
DA:126,0
DA:127,0
DA:128,0
DA:130,0
DA:131,0
DA:132,0
DA:134,0
DA:136,0
DA:137,0
DA:139,0
DA:141,0
DA:142,0
DA:150,0
DA:153,0
DA:157,0
DA:160,0
DA:161,0
DA:162,0
DA:163,0
DA:164,0
DA:165,0
DA:166,0
DA:167,0
DA:168,0
DA:171,0
DA:174,0
DA:175,0
DA:176,0
DA:177,0
DA:178,0
DA:179,0
DA:180,0
DA:181,0
DA:182,0
DA:183,0
DA:184,0
DA:185,0
DA:186,0
DA:187,0
DA:189,0
DA:190,0
DA:192,0
DA:193,0
DA:195,0
DA:196,0
DA:198,0
DA:199,0
DA:201,0
DA:203,0
DA:204,0
DA:205,0
DA:206,0
DA:208,0
DA:209,0
DA:210,0
DA:214,0
DA:216,0
DA:217,0
DA:218,0
DA:219,0
DA:220,0
DA:222,0
DA:224,0
DA:225,0
DA:229,0
DA:230,0
DA:231,0
DA:232,0
DA:233,0
DA:234,0
DA:236,0
DA:237,0
DA:238,0
DA:239,0
DA:240,0
DA:241,0
DA:243,0
DA:248,0
DA:249,0
DA:254,0
DA:255,0
DA:256,0
DA:257,0
DA:259,0
DA:260,0
DA:261,0
DA:262,0
DA:264,0
DA:266,0
DA:267,0
DA:268,0
DA:269,0
DA:270,0
DA:271,0
DA:276,0
DA:279,0
DA:282,0
DA:285,0
DA:288,0
DA:291,0
DA:294,0
DA:297,0
DA:300,0
DA:317,0
DA:321,0
DA:325,0
DA:329,0
DA:330,0
DA:331,0
DA:332,0
DA:333,0
DA:334,0
DA:335,0
DA:336,0
DA:340,0
DA:345,0
DA:353,0
DA:380,0
DA:406,0
DA:417,0
DA:418,0
LF:178
LH:0
BRDA:13,0,0,0
BRDA:13,0,1,0
BRDA:16,1,0,0
BRDA:16,1,1,0
BRDA:19,2,0,0
BRDA:19,2,1,0
BRDA:27,3,0,0
BRDA:27,3,1,0
BRDA:31,4,0,0
BRDA:31,4,1,0
BRDA:35,5,0,0
BRDA:35,5,1,0
BRDA:51,6,0,0
BRDA:51,6,1,0
BRDA:53,7,0,0
BRDA:53,7,1,0
BRDA:58,8,0,0
BRDA:58,8,1,0
BRDA:64,9,0,0
BRDA:64,9,1,0
BRDA:78,10,0,0
BRDA:78,10,1,0
BRDA:87,11,0,0
BRDA:87,11,1,0
BRDA:88,12,0,0
BRDA:88,12,1,0
BRDA:88,13,0,0
BRDA:88,13,1,0
BRDA:89,14,0,0
BRDA:89,14,1,0
BRDA:89,15,0,0
BRDA:89,15,1,0
BRDA:89,15,2,0
BRDA:89,16,0,0
BRDA:89,16,1,0
BRDA:89,17,0,0
BRDA:89,17,1,0
BRDA:89,18,0,0
BRDA:89,18,1,0
BRDA:89,19,0,0
BRDA:89,19,1,0
BRDA:90,20,0,0
BRDA:90,20,1,0
BRDA:91,21,0,0
BRDA:91,21,1,0
BRDA:91,21,2,0
BRDA:91,21,3,0
BRDA:91,21,4,0
BRDA:91,21,5,0
BRDA:112,22,0,0
BRDA:112,22,1,0
BRDA:112,23,0,0
BRDA:112,23,1,0
BRDA:112,23,2,0
BRDA:112,24,0,0
BRDA:112,24,1,0
BRDA:116,25,0,0
BRDA:116,25,1,0
BRDA:116,26,0,0
BRDA:116,26,1,0
BRDA:116,26,2,0
BRDA:116,26,3,0
BRDA:120,27,0,0
BRDA:120,27,1,0
BRDA:120,28,0,0
BRDA:120,28,1,0
BRDA:125,29,0,0
BRDA:125,29,1,0
BRDA:125,30,0,0
BRDA:125,30,1,0
BRDA:130,31,0,0
BRDA:130,31,1,0
BRDA:141,32,0,0
BRDA:141,32,1,0
BRDA:143,33,0,0
BRDA:143,33,1,0
BRDA:150,34,0,0
BRDA:150,34,1,0
BRDA:153,35,0,0
BRDA:153,35,1,0
BRDA:153,36,0,0
BRDA:153,36,1,0
BRDA:190,37,0,0
BRDA:190,37,1,0
BRDA:203,38,0,0
BRDA:203,38,1,0
BRDA:204,39,0,0
BRDA:204,39,1,0
BRDA:204,40,0,0
BRDA:204,40,1,0
BRDA:205,41,0,0
BRDA:205,41,1,0
BRDA:209,42,0,0
BRDA:209,42,1,0
BRDA:209,43,0,0
BRDA:209,43,1,0
BRDA:216,44,0,0
BRDA:216,44,1,0
BRDA:217,45,0,0
BRDA:217,45,1,0
BRDA:217,46,0,0
BRDA:217,46,1,0
BRDA:218,47,0,0
BRDA:218,47,1,0
BRDA:218,48,0,0
BRDA:218,48,1,0
BRDA:219,49,0,0
BRDA:219,49,1,0
BRDA:219,50,0,0
BRDA:219,50,1,0
BRDA:219,51,0,0
BRDA:219,51,1,0
BRDA:219,52,0,0
BRDA:219,52,1,0
BRDA:220,53,0,0
BRDA:220,53,1,0
BRDA:220,54,0,0
BRDA:220,54,1,0
BRDA:224,55,0,0
BRDA:224,55,1,0
BRDA:224,56,0,0
BRDA:224,56,1,0
BRDA:224,57,0,0
BRDA:224,57,1,0
BRDA:224,58,0,0
BRDA:224,58,1,0
BRDA:224,59,0,0
BRDA:224,59,1,0
BRDA:224,60,0,0
BRDA:224,60,1,0
BRDA:225,61,0,0
BRDA:225,61,1,0
BRDA:225,62,0,0
BRDA:225,62,1,0
BRDA:239,63,0,0
BRDA:239,63,1,0
BRDA:266,64,0,0
BRDA:266,64,1,0
BRDA:266,65,0,0
BRDA:266,65,1,0
BRDA:267,66,0,0
BRDA:267,66,1,0
BRDA:269,67,0,0
BRDA:269,67,1,0
BRDA:353,68,0,0
BRDA:353,68,1,0
BRDA:380,69,0,0
BRDA:380,69,1,0
BRDA:392,70,0,0
BRDA:392,70,1,0
BRDA:394,71,0,0
BRDA:394,71,1,0
BRDA:409,72,0,0
BRDA:409,72,1,0
BRF:154
BRH:0
end_of_record
TN:
SF:src\components\ChatInner\ChatInnerMessages.vue
FN:15,(anonymous_0)
FN:16,(anonymous_1)
FN:29,(anonymous_2)
FN:49,(anonymous_3)
FN:78,render
FN:81,(anonymous_5)
FN:87,(anonymous_6)
FNF:7
FNH:0
FNDA:0,(anonymous_0)
FNDA:0,(anonymous_1)
FNDA:0,(anonymous_2)
FNDA:0,(anonymous_3)
FNDA:0,render
FNDA:0,(anonymous_5)
FNDA:0,(anonymous_6)
DA:3,0
DA:6,0
DA:9,0
DA:13,0
DA:16,0
DA:17,0
DA:18,0
DA:19,0
DA:21,0
DA:23,0
DA:27,0
DA:30,0
DA:34,0
DA:37,0
DA:38,0
DA:39,0
DA:42,0
DA:50,0
DA:51,0
DA:52,0
DA:53,0
DA:57,0
DA:61,0
DA:65,0
DA:66,0
DA:67,0
DA:68,0
DA:69,0
DA:70,0
DA:74,0
DA:79,0
DA:80,0
DA:82,0
DA:88,0
DA:137,0
DA:138,0
LF:36
LH:0
BRDA:13,0,0,0
BRDA:13,0,1,0
BRDA:16,1,0,0
BRDA:16,1,1,0
BRDA:19,2,0,0
BRDA:19,2,1,0
BRDA:27,3,0,0
BRDA:27,3,1,0
BRDA:30,4,0,0
BRDA:30,4,1,0
BRDA:30,5,0,0
BRDA:30,5,1,0
BRDA:95,6,0,0
BRDA:95,6,1,0
BRDA:97,7,0,0
BRDA:97,7,1,0
BRDA:103,8,0,0
BRDA:103,8,1,0
BRDA:114,9,0,0
BRDA:114,9,1,0
BRDA:119,10,0,0
BRDA:119,10,1,0
BRDA:125,11,0,0
BRDA:125,11,1,0
BRF:24
BRH:0
end_of_record
TN:
SF:src\components\OverviewRightComponent\OverViewMain.vue
FN:7,(anonymous_0)
FN:68,render
FN:79,(anonymous_2)
FN:84,(anonymous_3)
FN:95,(anonymous_4)
FN:100,(anonymous_5)
FN:114,(anonymous_6)
FN:119,(anonymous_7)
FN:138,(anonymous_8)
FNF:9
FNH:0
FNDA:0,(anonymous_0)
FNDA:0,render
FNDA:0,(anonymous_2)
FNDA:0,(anonymous_3)
FNDA:0,(anonymous_4)
FNDA:0,(anonymous_5)
FNDA:0,(anonymous_6)
FNDA:0,(anonymous_7)
FNDA:0,(anonymous_8)
DA:5,0
DA:8,0
DA:12,0
DA:15,0
DA:16,0
DA:28,0
DA:29,0
DA:30,0
DA:31,0
DA:32,0
DA:37,0
DA:43,0
DA:46,0
DA:50,0
DA:55,0
DA:61,0
DA:64,0
DA:69,0
DA:70,0
DA:71,0
DA:72,0
DA:73,0
DA:74,0
DA:79,0
DA:84,0
DA:95,0
DA:100,0
DA:114,0
DA:119,0
DA:138,0
DA:145,0
DA:146,0
LF:32
LH:0
BRDA:5,0,0,0
BRDA:5,0,1,0
BRDA:8,1,0,0
BRDA:8,1,1,0
BRDA:8,2,0,0
BRDA:8,2,1,0
BRF:6
BRH:0
end_of_record
TN:
SF:src\components\OverviewRightComponent\OverViewRightCard.vue
FN:22,(anonymous_0)
FN:23,(anonymous_1)
FN:36,(anonymous_2)
FN:57,(anonymous_3)
FN:60,show
FN:85,render
FN:90,(anonymous_6)
FN:92,(anonymous_7)
FN:96,(anonymous_8)
FN:102,(anonymous_9)
FNF:10
FNH:0
FNDA:0,(anonymous_0)
FNDA:0,(anonymous_1)
FNDA:0,(anonymous_2)
FNDA:0,(anonymous_3)
FNDA:0,show
FNDA:0,render
FNDA:0,(anonymous_6)
FNDA:0,(anonymous_7)
FNDA:0,(anonymous_8)
FNDA:0,(anonymous_9)
DA:3,0
DA:6,0
DA:7,0
DA:16,0
DA:20,0
DA:23,0
DA:24,0
DA:25,0
DA:26,0
DA:28,0
DA:30,0
DA:34,0
DA:37,0
DA:41,0
DA:44,0
DA:45,0
DA:46,0
DA:47,0
DA:56,0
DA:58,0
DA:59,0
DA:61,0
DA:63,0
DA:66,0
DA:70,0
DA:74,0
DA:75,0
DA:76,0
DA:77,0
DA:78,0
DA:79,0
DA:80,0
DA:81,0
DA:82,0
DA:83,0
DA:84,0
DA:86,0
DA:87,0
DA:88,0
DA:89,0
DA:90,0
DA:92,0
DA:97,0
DA:102,0
DA:125,0
DA:126,0
LF:46
LH:0
BRDA:20,0,0,0
BRDA:20,0,1,0
BRDA:23,1,0,0
BRDA:23,1,1,0
BRDA:26,2,0,0
BRDA:26,2,1,0
BRDA:34,3,0,0
BRDA:34,3,1,0
BRDA:37,4,0,0
BRDA:37,4,1,0
BRDA:37,5,0,0
BRDA:37,5,1,0
BRF:12
BRH:0
end_of_record
TN:
SF:src\components\OverviewRightComponent\OverviewMiddleCard.vue
FN:21,(anonymous_0)
FN:22,(anonymous_1)
FN:46,(anonymous_2)
FN:50,(anonymous_3)
FN:53,(anonymous_4)
FN:60,(anonymous_5)
FN:100,render
FN:107,(anonymous_7)
FN:108,(anonymous_8)
FN:112,(anonymous_9)
FN:114,(anonymous_10)
FN:120,(anonymous_11)
FN:129,(anonymous_12)
FN:153,(anonymous_13)
FN:155,(anonymous_14)
FN:160,(anonymous_15)
FN:164,(anonymous_16)
FN:166,(anonymous_17)
FN:168,(anonymous_18)
FN:174,(anonymous_19)
FNF:20
FNH:15
FNDA:2,(anonymous_0)
FNDA:0,(anonymous_1)
FNDA:1,(anonymous_2)
FNDA:0,(anonymous_3)
FNDA:3,(anonymous_4)
FNDA:0,(anonymous_5)
FNDA:2,render
FNDA:2,(anonymous_7)
FNDA:1,(anonymous_8)
FNDA:0,(anonymous_9)
FNDA:1,(anonymous_10)
FNDA:1,(anonymous_11)
FNDA:1,(anonymous_12)
FNDA:1,(anonymous_13)
FNDA:3,(anonymous_14)
FNDA:3,(anonymous_15)
FNDA:0,(anonymous_16)
FNDA:3,(anonymous_17)
FNDA:3,(anonymous_18)
FNDA:3,(anonymous_19)
DA:3,1
DA:6,1
DA:15,1
DA:19,1
DA:22,2
DA:23,0
DA:24,0
DA:25,0
DA:27,0
DA:29,2
DA:31,1
DA:34,1
DA:35,1
DA:36,1
DA:45,1
DA:47,1
DA:48,1
DA:49,1
DA:50,1
DA:51,0
DA:53,1
DA:54,3
DA:55,2
DA:57,1
DA:60,1
DA:61,0
DA:62,0
DA:63,0
DA:64,0
DA:71,0
DA:74,1
DA:80,1
DA:84,1
DA:88,1
DA:89,1
DA:90,1
DA:91,1
DA:96,1
DA:99,1
DA:101,2
DA:102,2
DA:103,2
DA:107,2
DA:109,1
DA:112,0
DA:114,1
DA:120,1
DA:129,1
DA:153,1
DA:156,3
DA:160,3
DA:164,0
DA:166,3
DA:168,3
DA:174,3
DA:199,1
DA:200,1
LF:57
LH:45
BRDA:19,0,0,1
BRDA:19,0,1,1
BRDA:22,1,0,2
BRDA:22,1,1,0
BRDA:25,2,0,0
BRDA:25,2,1,0
BRDA:54,3,0,2
BRDA:54,3,1,1
BRDA:63,4,0,0
BRDA:63,4,1,0
BRDA:147,5,0,1
BRDA:147,5,1,0
BRF:12
BRH:6
end_of_record
TN:
SF:src\components\SubmitComponent\SubmitRightCourseCard.vue
FN:17,(anonymous_0)
FN:30,(anonymous_1)
FN:31,(anonymous_2)
FN:55,(anonymous_3)
FN:63,(anonymous_4)
FN:66,(anonymous_5)
FN:92,render
FN:99,(anonymous_7)
FN:102,(anonymous_8)
FN:104,(anonymous_9)
FN:109,(anonymous_10)
FN:118,(anonymous_11)
FN:141,(anonymous_12)
FN:142,(anonymous_13)
FN:146,(anonymous_14)
FN:148,(anonymous_15)
FNF:16
FNH:0
FNDA:0,(anonymous_0)
FNDA:0,(anonymous_1)
FNDA:0,(anonymous_2)
FNDA:0,(anonymous_3)
FNDA:0,(anonymous_4)
FNDA:0,(anonymous_5)
FNDA:0,render
FNDA:0,(anonymous_7)
FNDA:0,(anonymous_8)
FNDA:0,(anonymous_9)
FNDA:0,(anonymous_10)
FNDA:0,(anonymous_11)
FNDA:0,(anonymous_12)
FNDA:0,(anonymous_13)
FNDA:0,(anonymous_14)
FNDA:0,(anonymous_15)
DA:3,0
DA:6,0
DA:7,0
DA:8,0
DA:18,0
DA:19,0
DA:20,0
DA:24,0
DA:28,0
DA:31,0
DA:32,0
DA:33,0
DA:34,0
DA:36,0
DA:38,0
DA:40,0
DA:43,0
DA:44,0
DA:45,0
DA:46,0
DA:56,0
DA:57,0
DA:58,0
DA:62,0
DA:64,0
DA:65,0
DA:66,0
DA:67,0
DA:69,0
DA:72,0
DA:76,0
DA:80,0
DA:81,0
DA:82,0
DA:83,0
DA:88,0
DA:91,0
DA:93,0
DA:94,0
DA:95,0
DA:99,0
DA:102,0
DA:104,0
DA:109,0
DA:118,0
DA:141,0
DA:143,0
DA:146,0
DA:148,0
DA:163,0
DA:164,0
LF:51
LH:0
BRDA:28,0,0,0
BRDA:28,0,1,0
BRDA:31,1,0,0
BRDA:31,1,1,0
BRDA:34,2,0,0
BRDA:34,2,1,0
BRDA:102,3,0,0
BRDA:102,3,1,0
BRDA:136,4,0,0
BRDA:136,4,1,0
BRF:10
BRH:0
end_of_record
TN:
SF:src\components\util\Loader.vue
FN:33,(anonymous_0)
FN:34,(anonymous_1)
FN:70,(anonymous_2)
FN:91,render
FN:96,(anonymous_4)
FN:106,(anonymous_5)
FN:111,(anonymous_6)
FN:116,(anonymous_7)
FN:121,(anonymous_8)
FN:126,(anonymous_9)
FN:131,(anonymous_10)
FNF:11
FNH:0
FNDA:0,(anonymous_0)
FNDA:0,(anonymous_1)
FNDA:0,(anonymous_2)
FNDA:0,render
FNDA:0,(anonymous_4)
FNDA:0,(anonymous_5)
FNDA:0,(anonymous_6)
FNDA:0,(anonymous_7)
FNDA:0,(anonymous_8)
FNDA:0,(anonymous_9)
FNDA:0,(anonymous_10)
DA:3,0
DA:6,0
DA:27,0
DA:31,0
DA:34,0
DA:35,0
DA:36,0
DA:37,0
DA:39,0
DA:41,0
DA:43,0
DA:46,0
DA:47,0
DA:48,0
DA:69,0
DA:71,0
DA:72,0
DA:73,0
DA:74,0
DA:78,0
DA:82,0
DA:83,0
DA:84,0
DA:85,0
DA:86,0
DA:87,0
DA:88,0
DA:89,0
DA:90,0
DA:92,0
DA:96,0
DA:106,0
DA:111,0
DA:116,0
DA:121,0
DA:126,0
DA:131,0
DA:141,0
DA:142,0
LF:39
LH:0
BRDA:31,0,0,0
BRDA:31,0,1,0
BRDA:34,1,0,0
BRDA:34,1,1,0
BRDA:37,2,0,0
BRDA:37,2,1,0
BRDA:97,3,0,0
BRDA:97,3,1,0
BRDA:105,4,0,0
BRDA:105,4,1,0
BRDA:110,5,0,0
BRDA:110,5,1,0
BRDA:115,6,0,0
BRDA:115,6,1,0
BRDA:120,7,0,0
BRDA:120,7,1,0
BRDA:125,8,0,0
BRDA:125,8,1,0
BRDA:130,9,0,0
BRDA:130,9,1,0
BRF:20
BRH:0
end_of_record
TN:
SF:src\components\util\SvgIcon.vue
FN:15,(anonymous_0)
FN:16,(anonymous_1)
FN:45,(anonymous_2)
FN:52,(anonymous_3)
FN:55,(anonymous_4)
FN:72,render
FN:83,(anonymous_6)
FNF:7
FNH:0
FNDA:0,(anonymous_0)
FNDA:0,(anonymous_1)
FNDA:0,(anonymous_2)
FNDA:0,(anonymous_3)
FNDA:0,(anonymous_4)
FNDA:0,render
FNDA:0,(anonymous_6)
DA:3,0
DA:6,0
DA:9,0
DA:13,0
DA:16,0
DA:17,0
DA:18,0
DA:19,0
DA:21,0
DA:23,0
DA:25,0
DA:28,0
DA:29,0
DA:30,0
DA:31,0
DA:34,0
DA:46,0
DA:47,0
DA:48,0
DA:49,0
DA:50,0
DA:53,0
DA:56,0
DA:59,0
DA:63,0
DA:67,0
DA:68,0
DA:69,0
DA:70,0
DA:71,0
DA:73,0
DA:84,0
DA:91,0
DA:92,0
LF:34
LH:0
BRDA:13,0,0,0
BRDA:13,0,1,0
BRDA:16,1,0,0
BRDA:16,1,1,0
BRDA:19,2,0,0
BRDA:19,2,1,0
BRF:6
BRH:0
end_of_record
TN:
SF:src\view\AssignSetting.vue
FN:7,(anonymous_0)
FN:21,(anonymous_1)
FN:38,(anonymous_2)
FN:41,(anonymous_3)
FN:54,(anonymous_4)
FN:82,(anonymous_5)
FN:86,(anonymous_6)
FN:89,(anonymous_7)
FN:92,(anonymous_8)
FN:95,(anonymous_9)
FN:98,(anonymous_10)
FN:101,(anonymous_11)
FN:104,(anonymous_12)
FN:107,(anonymous_13)
FN:110,(anonymous_14)
FN:113,(anonymous_15)
FN:118,(anonymous_16)
FN:121,(anonymous_17)
FN:126,(anonymous_18)
FN:194,render
FN:206,(anonymous_20)
FN:212,(anonymous_21)
FN:219,(anonymous_22)
FN:231,(anonymous_23)
FN:237,(anonymous_24)
FN:246,(anonymous_25)
FN:249,(anonymous_26)
FN:270,(anonymous_27)
FN:276,(anonymous_28)
FN:285,(anonymous_29)
FN:288,(anonymous_30)
FNF:31
FNH:0
FNDA:0,(anonymous_0)
FNDA:0,(anonymous_1)
FNDA:0,(anonymous_2)
FNDA:0,(anonymous_3)
FNDA:0,(anonymous_4)
FNDA:0,(anonymous_5)
FNDA:0,(anonymous_6)
FNDA:0,(anonymous_7)
FNDA:0,(anonymous_8)
FNDA:0,(anonymous_9)
FNDA:0,(anonymous_10)
FNDA:0,(anonymous_11)
FNDA:0,(anonymous_12)
FNDA:0,(anonymous_13)
FNDA:0,(anonymous_14)
FNDA:0,(anonymous_15)
FNDA:0,(anonymous_16)
FNDA:0,(anonymous_17)
FNDA:0,(anonymous_18)
FNDA:0,render
FNDA:0,(anonymous_20)
FNDA:0,(anonymous_21)
FNDA:0,(anonymous_22)
FNDA:0,(anonymous_23)
FNDA:0,(anonymous_24)
FNDA:0,(anonymous_25)
FNDA:0,(anonymous_26)
FNDA:0,(anonymous_27)
FNDA:0,(anonymous_28)
FNDA:0,(anonymous_29)
FNDA:0,(anonymous_30)
DA:5,0
DA:8,0
DA:12,0
DA:15,0
DA:16,0
DA:17,0
DA:18,0
DA:19,0
DA:22,0
DA:23,0
DA:24,0
DA:25,0
DA:26,0
DA:27,0
DA:28,0
DA:38,0
DA:39,0
DA:41,0
DA:42,0
DA:44,0
DA:54,0
DA:55,0
DA:56,0
DA:57,0
DA:67,0
DA:68,0
DA:69,0
DA:79,0
DA:82,0
DA:83,0
DA:85,0
DA:87,0
DA:90,0
DA:93,0
DA:96,0
DA:99,0
DA:102,0
DA:105,0
DA:108,0
DA:111,0
DA:114,0
DA:119,0
DA:122,0
DA:127,0
DA:131,0
DA:135,0
DA:139,0
DA:140,0
DA:141,0
DA:142,0
DA:143,0
DA:144,0
DA:148,0
DA:149,0
DA:150,0
DA:151,0
DA:155,0
DA:156,0
DA:160,0
DA:161,0
DA:162,0
DA:163,0
DA:167,0
DA:168,0
DA:172,0
DA:173,0
DA:179,0
DA:185,0
DA:191,0
DA:195,0
DA:206,0
DA:212,0
DA:219,0
DA:231,0
DA:237,0
DA:247,0
DA:249,0
DA:270,0
DA:276,0
DA:286,0
DA:288,0
DA:315,0
DA:316,0
LF:83
LH:0
BRDA:5,0,0,0
BRDA:5,0,1,0
BRDA:8,1,0,0
BRDA:8,1,1,0
BRDA:8,2,0,0
BRDA:8,2,1,0
BRDA:56,3,0,0
BRDA:56,3,1,0
BRDA:68,4,0,0
BRDA:68,4,1,0
BRDA:206,5,0,0
BRDA:206,5,1,0
BRDA:212,6,0,0
BRDA:212,6,1,0
BRDA:219,7,0,0
BRDA:219,7,1,0
BRDA:222,8,0,0
BRDA:222,8,1,0
BRDA:227,9,0,0
BRDA:227,9,1,0
BRDA:231,10,0,0
BRDA:231,10,1,0
BRDA:237,11,0,0
BRDA:237,11,1,0
BRDA:243,12,0,0
BRDA:243,12,1,0
BRDA:249,13,0,0
BRDA:249,13,1,0
BRDA:266,14,0,0
BRDA:266,14,1,0
BRDA:270,15,0,0
BRDA:270,15,1,0
BRDA:276,16,0,0
BRDA:276,16,1,0
BRDA:282,17,0,0
BRDA:282,17,1,0
BRDA:288,18,0,0
BRDA:288,18,1,0
BRF:38
BRH:0
end_of_record
TN:
SF:src\view\AssignStatistics.vue
FN:15,(anonymous_0)
FN:16,(anonymous_1)
FN:29,(anonymous_2)
FN:35,(anonymous_3)
FN:41,(anonymous_4)
FN:49,(anonymous_5)
FN:54,(anonymous_6)
FN:61,(anonymous_7)
FN:82,(anonymous_8)
FN:180,getTableHead
FN:189,getTableBody
FN:204,getTable
FN:218,getProblemDistribution
FN:225,getProblemDetail
FN:232,fillTableContent
FN:238,getProblemFigure
FN:296,(anonymous_16)
FN:301,fillFigureContent
FN:304,(anonymous_18)
FN:309,(anonymous_19)
FN:314,(anonymous_20)
FN:364,(anonymous_21)
FN:382,(anonymous_22)
FN:391,(anonymous_23)
FN:395,(anonymous_24)
FN:428,(anonymous_25)
FN:443,(anonymous_26)
FN:447,(anonymous_27)
FN:461,(anonymous_28)
FN:469,(anonymous_29)
FN:506,(anonymous_30)
FN:568,render
FN:581,(anonymous_32)
FN:583,(anonymous_33)
FN:585,(anonymous_34)
FN:587,(anonymous_35)
FN:599,(anonymous_36)
FN:605,(anonymous_37)
FN:621,(anonymous_38)
FN:623,(anonymous_39)
FN:625,(anonymous_40)
FN:632,(anonymous_41)
FN:648,(anonymous_42)
FN:657,(anonymous_43)
FN:659,(anonymous_44)
FNF:45
FNH:0
FNDA:0,(anonymous_0)
FNDA:0,(anonymous_1)
FNDA:0,(anonymous_2)
FNDA:0,(anonymous_3)
FNDA:0,(anonymous_4)
FNDA:0,(anonymous_5)
FNDA:0,(anonymous_6)
FNDA:0,(anonymous_7)
FNDA:0,(anonymous_8)
FNDA:0,getTableHead
FNDA:0,getTableBody
FNDA:0,getTable
FNDA:0,getProblemDistribution
FNDA:0,getProblemDetail
FNDA:0,fillTableContent
FNDA:0,getProblemFigure
FNDA:0,(anonymous_16)
FNDA:0,fillFigureContent
FNDA:0,(anonymous_18)
FNDA:0,(anonymous_19)
FNDA:0,(anonymous_20)
FNDA:0,(anonymous_21)
FNDA:0,(anonymous_22)
FNDA:0,(anonymous_23)
FNDA:0,(anonymous_24)
FNDA:0,(anonymous_25)
FNDA:0,(anonymous_26)
FNDA:0,(anonymous_27)
FNDA:0,(anonymous_28)
FNDA:0,(anonymous_29)
FNDA:0,(anonymous_30)
FNDA:0,render
FNDA:0,(anonymous_32)
FNDA:0,(anonymous_33)
FNDA:0,(anonymous_34)
FNDA:0,(anonymous_35)
FNDA:0,(anonymous_36)
FNDA:0,(anonymous_37)
FNDA:0,(anonymous_38)
FNDA:0,(anonymous_39)
FNDA:0,(anonymous_40)
FNDA:0,(anonymous_41)
FNDA:0,(anonymous_42)
FNDA:0,(anonymous_43)
FNDA:0,(anonymous_44)
DA:3,0
DA:6,0
DA:9,0
DA:13,0
DA:16,0
DA:17,0
DA:18,0
DA:19,0
DA:21,0
DA:23,0
DA:27,0
DA:30,0
DA:31,0
DA:32,0
DA:33,0
DA:36,0
DA:40,0
DA:42,0
DA:43,0
DA:47,0
DA:50,0
DA:55,0
DA:59,0
DA:62,0
DA:63,0
DA:64,0
DA:65,0
DA:66,0
DA:68,0
DA:71,0
DA:72,0
DA:73,0
DA:74,0
DA:75,0
DA:76,0
DA:77,0
DA:78,0
DA:81,0
DA:83,0
DA:84,0
DA:85,0
DA:86,0
DA:87,0
DA:88,0
DA:89,0
DA:90,0
DA:91,0
DA:92,0
DA:93,0
DA:148,0
DA:161,0
DA:181,0
DA:182,0
DA:183,0
DA:184,0
DA:185,0
DA:187,0
DA:190,0
DA:191,0
DA:192,0
DA:193,0
DA:194,0
DA:195,0
DA:196,0
DA:197,0
DA:198,0
DA:200,0
DA:202,0
DA:205,0
DA:206,0
DA:207,0
DA:208,0
DA:209,0
DA:210,0
DA:211,0
DA:213,0
DA:214,0
DA:215,0
DA:216,0
DA:219,0
DA:220,0
DA:221,0
DA:222,0
DA:223,0
DA:226,0
DA:227,0
DA:228,0
DA:229,0
DA:230,0
DA:233,0
DA:234,0
DA:235,0
DA:236,0
DA:239,0
DA:240,0
DA:241,0
DA:242,0
DA:243,0
DA:244,0
DA:249,0
DA:295,0
DA:296,0
DA:297,0
DA:299,0
DA:302,0
DA:304,0
DA:305,0
DA:306,0
DA:307,0
DA:309,0
DA:310,0
DA:311,0
DA:312,0
DA:314,0
DA:315,0
DA:316,0
DA:317,0
DA:318,0
DA:319,0
DA:320,0
DA:321,0
DA:365,0
DA:366,0
DA:367,0
DA:383,0
DA:384,0
DA:385,0
DA:390,0
DA:391,0
DA:392,0
DA:395,0
DA:396,0
DA:397,0
DA:398,0
DA:399,0
DA:400,0
DA:401,0
DA:429,0
DA:430,0
DA:431,0
DA:442,0
DA:443,0
DA:444,0
DA:447,0
DA:448,0
DA:449,0
DA:450,0
DA:451,0
DA:452,0
DA:453,0
DA:454,0
DA:455,0
DA:456,0
DA:457,0
DA:458,0
DA:459,0
DA:461,0
DA:462,0
DA:463,0
DA:464,0
DA:465,0
DA:466,0
DA:467,0
DA:469,0
DA:470,0
DA:471,0
DA:472,0
DA:480,0
DA:507,0
DA:510,0
DA:514,0
DA:518,0
DA:519,0
DA:520,0
DA:521,0
DA:522,0
DA:523,0
DA:524,0
DA:525,0
DA:528,0
DA:529,0
DA:533,0
DA:534,0
DA:535,0
DA:536,0
DA:537,0
DA:538,0
DA:554,0
DA:569,0
DA:570,0
DA:571,0
DA:572,0
DA:573,0
DA:574,0
DA:575,0
DA:576,0
DA:581,0
DA:583,0
DA:585,0
DA:587,0
DA:599,0
DA:605,0
DA:621,0
DA:623,0
DA:625,0
DA:632,0
DA:648,0
DA:657,0
DA:659,0
DA:674,0
DA:675,0
LF:211
LH:0
BRDA:13,0,0,0
BRDA:13,0,1,0
BRDA:16,1,0,0
BRDA:16,1,1,0
BRDA:19,2,0,0
BRDA:19,2,1,0
BRDA:27,3,0,0
BRDA:27,3,1,0
BRDA:29,4,0,0
BRDA:29,4,1,0
BRDA:30,5,0,0
BRDA:30,5,1,0
BRDA:32,6,0,0
BRDA:32,6,1,0
BRDA:32,7,0,0
BRDA:32,7,1,0
BRDA:32,8,0,0
BRDA:32,8,1,0
BRDA:32,9,0,0
BRDA:32,9,1,0
BRDA:42,10,0,0
BRDA:42,10,1,0
BRDA:47,11,0,0
BRDA:47,11,1,0
BRDA:49,12,0,0
BRDA:49,12,1,0
BRDA:59,13,0,0
BRDA:59,13,1,0
BRDA:62,14,0,0
BRDA:62,14,1,0
BRDA:62,15,0,0
BRDA:62,15,1,0
BRDA:64,16,0,0
BRDA:64,16,1,0
BRDA:64,17,0,0
BRDA:64,17,1,0
BRDA:64,18,0,0
BRDA:64,18,1,0
BRDA:210,19,0,0
BRDA:210,19,1,0
BRDA:235,20,0,0
BRDA:235,20,1,0
BRDA:306,21,0,0
BRDA:306,21,1,0
BRDA:311,22,0,0
BRDA:311,22,1,0
BRDA:449,23,0,0
BRDA:449,23,1,0
BRF:48
BRH:0
end_of_record
TN:
SF:src\view\AssignView.vue
FN:7,(anonymous_0)
FN:21,(anonymous_1)
FN:28,(anonymous_2)
FN:33,(anonymous_3)
FN:38,(anonymous_4)
FN:56,(anonymous_5)
FN:67,(anonymous_6)
FN:128,(anonymous_7)
FN:131,(anonymous_8)
FN:134,(anonymous_9)
FN:147,(anonymous_10)
FN:175,(anonymous_11)
FN:201,(anonymous_12)
FN:204,(anonymous_13)
FN:207,(anonymous_14)
FN:210,(anonymous_15)
FN:213,(anonymous_16)
FN:216,(anonymous_17)
FN:219,(anonymous_18)
FN:222,(anonymous_19)
FN:225,(anonymous_20)
FN:228,(anonymous_21)
FN:234,(anonymous_22)
FN:237,(anonymous_23)
FN:303,render
FN:330,(anonymous_25)
FN:343,(anonymous_26)
FN:349,(anonymous_27)
FN:358,(anonymous_28)
FN:361,(anonymous_29)
FN:382,(anonymous_30)
FN:388,(anonymous_31)
FN:397,(anonymous_32)
FN:400,(anonymous_33)
FN:454,(anonymous_34)
FN:506,(anonymous_35)
FN:511,(anonymous_36)
FNF:37
FNH:0
FNDA:0,(anonymous_0)
FNDA:0,(anonymous_1)
FNDA:0,(anonymous_2)
FNDA:0,(anonymous_3)
FNDA:0,(anonymous_4)
FNDA:0,(anonymous_5)
FNDA:0,(anonymous_6)
FNDA:0,(anonymous_7)
FNDA:0,(anonymous_8)
FNDA:0,(anonymous_9)
FNDA:0,(anonymous_10)
FNDA:0,(anonymous_11)
FNDA:0,(anonymous_12)
FNDA:0,(anonymous_13)
FNDA:0,(anonymous_14)
FNDA:0,(anonymous_15)
FNDA:0,(anonymous_16)
FNDA:0,(anonymous_17)
FNDA:0,(anonymous_18)
FNDA:0,(anonymous_19)
FNDA:0,(anonymous_20)
FNDA:0,(anonymous_21)
FNDA:0,(anonymous_22)
FNDA:0,(anonymous_23)
FNDA:0,render
FNDA:0,(anonymous_25)
FNDA:0,(anonymous_26)
FNDA:0,(anonymous_27)
FNDA:0,(anonymous_28)
FNDA:0,(anonymous_29)
FNDA:0,(anonymous_30)
FNDA:0,(anonymous_31)
FNDA:0,(anonymous_32)
FNDA:0,(anonymous_33)
FNDA:0,(anonymous_34)
FNDA:0,(anonymous_35)
FNDA:0,(anonymous_36)
DA:5,0
DA:8,0
DA:12,0
DA:15,0
DA:16,0
DA:17,0
DA:18,0
DA:19,0
DA:21,0
DA:22,0
DA:23,0
DA:24,0
DA:26,0
DA:29,0
DA:30,0
DA:31,0
DA:32,0
DA:33,0
DA:34,0
DA:38,0
DA:39,0
DA:40,0
DA:41,0
DA:42,0
DA:43,0
DA:44,0
DA:45,0
DA:49,0
DA:56,0
DA:57,0
DA:58,0
DA:59,0
DA:67,0
DA:69,0
DA:70,0
DA:71,0
DA:72,0
DA:81,0
DA:114,0
DA:115,0
DA:116,0
DA:117,0
DA:118,0
DA:128,0
DA:129,0
DA:131,0
DA:132,0
DA:134,0
DA:135,0
DA:137,0
DA:147,0
DA:148,0
DA:149,0
DA:150,0
DA:160,0
DA:161,0
DA:162,0
DA:172,0
DA:175,0
DA:176,0
DA:177,0
DA:178,0
DA:179,0
DA:180,0
DA:181,0
DA:182,0
DA:184,0
DA:186,0
DA:192,0
DA:202,0
DA:205,0
DA:208,0
DA:211,0
DA:214,0
DA:217,0
DA:220,0
DA:223,0
DA:226,0
DA:229,0
DA:235,0
DA:238,0
DA:244,0
DA:248,0
DA:252,0
DA:253,0
DA:254,0
DA:255,0
DA:256,0
DA:257,0
DA:261,0
DA:262,0
DA:263,0
DA:264,0
DA:268,0
DA:269,0
DA:273,0
DA:274,0
DA:275,0
DA:276,0
DA:280,0
DA:281,0
DA:285,0
DA:286,0
DA:292,0
DA:293,0
DA:297,0
DA:298,0
DA:299,0
DA:304,0
DA:305,0
DA:306,0
DA:307,0
DA:330,0
DA:343,0
DA:349,0
DA:359,0
DA:361,0
DA:382,0
DA:388,0
DA:398,0
DA:400,0
DA:454,0
DA:506,0
DA:511,0
DA:527,0
DA:528,0
LF:126
LH:0
BRDA:5,0,0,0
BRDA:5,0,1,0
BRDA:8,1,0,0
BRDA:8,1,1,0
BRDA:8,2,0,0
BRDA:8,2,1,0
BRDA:25,3,0,0
BRDA:25,3,1,0
BRDA:44,4,0,0
BRDA:44,4,1,0
BRDA:149,5,0,0
BRDA:149,5,1,0
BRDA:161,6,0,0
BRDA:161,6,1,0
BRDA:179,7,0,0
BRDA:179,7,1,0
BRDA:181,8,0,0
BRDA:181,8,1,0
BRDA:330,9,0,0
BRDA:330,9,1,0
BRDA:334,10,0,0
BRDA:334,10,1,0
BRDA:339,11,0,0
BRDA:339,11,1,0
BRDA:343,12,0,0
BRDA:343,12,1,0
BRDA:349,13,0,0
BRDA:349,13,1,0
BRDA:355,14,0,0
BRDA:355,14,1,0
BRDA:361,15,0,0
BRDA:361,15,1,0
BRDA:378,16,0,0
BRDA:378,16,1,0
BRDA:382,17,0,0
BRDA:382,17,1,0
BRDA:388,18,0,0
BRDA:388,18,1,0
BRDA:394,19,0,0
BRDA:394,19,1,0
BRDA:400,20,0,0
BRDA:400,20,1,0
BRDA:455,21,0,0
BRDA:455,21,1,0
BRF:44
BRH:0
end_of_record
TN:
SF:src\view\CourseView.vue
FN:7,(anonymous_0)
FN:22,(anonymous_1)
FN:27,(anonymous_2)
FN:28,CourseData
FN:103,(anonymous_4)
FN:106,(anonymous_5)
FN:109,(anonymous_6)
FN:110,(anonymous_7)
FN:115,(anonymous_8)
FN:135,(anonymous_9)
FN:159,(anonymous_10)
FN:179,(anonymous_11)
FN:182,(anonymous_12)
FN:185,(anonymous_13)
FN:188,(anonymous_14)
FN:191,(anonymous_15)
FN:194,(anonymous_16)
FN:197,(anonymous_17)
FN:200,(anonymous_18)
FN:203,(anonymous_19)
FN:206,(anonymous_20)
FN:214,(anonymous_21)
FN:217,(anonymous_22)
FN:283,render
FN:305,(anonymous_24)
FN:317,(anonymous_25)
FN:323,(anonymous_26)
FN:332,(anonymous_27)
FN:335,(anonymous_28)
FN:352,(anonymous_29)
FN:358,(anonymous_30)
FN:367,(anonymous_31)
FN:370,(anonymous_32)
FN:403,(anonymous_33)
FN:448,(anonymous_34)
FN:451,(anonymous_35)
FN:453,(anonymous_36)
FNF:37
FNH:0
FNDA:0,(anonymous_0)
FNDA:0,(anonymous_1)
FNDA:0,(anonymous_2)
FNDA:0,CourseData
FNDA:0,(anonymous_4)
FNDA:0,(anonymous_5)
FNDA:0,(anonymous_6)
FNDA:0,(anonymous_7)
FNDA:0,(anonymous_8)
FNDA:0,(anonymous_9)
FNDA:0,(anonymous_10)
FNDA:0,(anonymous_11)
FNDA:0,(anonymous_12)
FNDA:0,(anonymous_13)
FNDA:0,(anonymous_14)
FNDA:0,(anonymous_15)
FNDA:0,(anonymous_16)
FNDA:0,(anonymous_17)
FNDA:0,(anonymous_18)
FNDA:0,(anonymous_19)
FNDA:0,(anonymous_20)
FNDA:0,(anonymous_21)
FNDA:0,(anonymous_22)
FNDA:0,render
FNDA:0,(anonymous_24)
FNDA:0,(anonymous_25)
FNDA:0,(anonymous_26)
FNDA:0,(anonymous_27)
FNDA:0,(anonymous_28)
FNDA:0,(anonymous_29)
FNDA:0,(anonymous_30)
FNDA:0,(anonymous_31)
FNDA:0,(anonymous_32)
FNDA:0,(anonymous_33)
FNDA:0,(anonymous_34)
FNDA:0,(anonymous_35)
FNDA:0,(anonymous_36)
DA:5,0
DA:8,0
DA:12,0
DA:15,0
DA:16,0
DA:17,0
DA:18,0
DA:19,0
DA:20,0
DA:23,0
DA:24,0
DA:25,0
DA:26,0
DA:27,0
DA:29,0
DA:35,0
DA:41,0
DA:47,0
DA:53,0
DA:59,0
DA:65,0
DA:71,0
DA:72,0
DA:73,0
DA:74,0
DA:75,0
DA:76,0
DA:77,0
DA:79,0
DA:81,0
DA:98,0
DA:99,0
DA:100,0
DA:101,0
DA:102,0
DA:103,0
DA:104,0
DA:106,0
DA:107,0
DA:109,0
DA:110,0
DA:111,0
DA:115,0
DA:116,0
DA:117,0
DA:118,0
DA:119,0
DA:127,0
DA:135,0
DA:136,0
DA:137,0
DA:138,0
DA:146,0
DA:147,0
DA:148,0
DA:156,0
DA:159,0
DA:160,0
DA:161,0
DA:162,0
DA:163,0
DA:164,0
DA:166,0
DA:168,0
DA:174,0
DA:180,0
DA:183,0
DA:186,0
DA:189,0
DA:192,0
DA:195,0
DA:198,0
DA:201,0
DA:204,0
DA:207,0
DA:215,0
DA:218,0
DA:224,0
DA:228,0
DA:232,0
DA:233,0
DA:234,0
DA:235,0
DA:236,0
DA:237,0
DA:241,0
DA:242,0
DA:243,0
DA:244,0
DA:248,0
DA:249,0
DA:253,0
DA:254,0
DA:255,0
DA:256,0
DA:260,0
DA:261,0
DA:265,0
DA:266,0
DA:272,0
DA:278,0
DA:279,0
DA:284,0
DA:285,0
DA:286,0
DA:287,0
DA:305,0
DA:317,0
DA:323,0
DA:333,0
DA:335,0
DA:352,0
DA:358,0
DA:368,0
DA:370,0
DA:403,0
DA:448,0
DA:451,0
DA:453,0
DA:474,0
DA:475,0
LF:121
LH:0
BRDA:5,0,0,0
BRDA:5,0,1,0
BRDA:8,1,0,0
BRDA:8,1,1,0
BRDA:8,2,0,0
BRDA:8,2,1,0
BRDA:137,3,0,0
BRDA:137,3,1,0
BRDA:147,4,0,0
BRDA:147,4,1,0
BRDA:163,5,0,0
BRDA:163,5,1,0
BRDA:305,6,0,0
BRDA:305,6,1,0
BRDA:308,7,0,0
BRDA:308,7,1,0
BRDA:313,8,0,0
BRDA:313,8,1,0
BRDA:317,9,0,0
BRDA:317,9,1,0
BRDA:323,10,0,0
BRDA:323,10,1,0
BRDA:329,11,0,0
BRDA:329,11,1,0
BRDA:335,12,0,0
BRDA:335,12,1,0
BRDA:348,13,0,0
BRDA:348,13,1,0
BRDA:352,14,0,0
BRDA:352,14,1,0
BRDA:358,15,0,0
BRDA:358,15,1,0
BRDA:364,16,0,0
BRDA:364,16,1,0
BRDA:370,17,0,0
BRDA:370,17,1,0
BRF:36
BRH:0
end_of_record
TN:
SF:src\view\Grading.vue
FN:7,(anonymous_0)
FN:28,(anonymous_1)
FN:37,(anonymous_2)
FN:51,handleScroll
FN:64,init
FN:67,(anonymous_5)
FN:69,(anonymous_6)
FN:83,(anonymous_7)
FN:88,(anonymous_8)
FN:93,(anonymous_9)
FN:104,(anonymous_10)
FN:123,(anonymous_11)
FN:126,(anonymous_12)
FN:129,(anonymous_13)
FN:132,(anonymous_14)
FN:135,(anonymous_15)
FN:138,(anonymous_16)
FN:141,(anonymous_17)
FN:144,(anonymous_18)
FN:147,(anonymous_19)
FN:150,(anonymous_20)
FN:153,(anonymous_21)
FN:156,(anonymous_22)
FN:159,(anonymous_23)
FN:162,(anonymous_24)
FN:165,(anonymous_25)
FN:168,(anonymous_26)
FN:171,(anonymous_27)
FN:174,(anonymous_28)
FN:180,(anonymous_29)
FN:183,(anonymous_30)
FN:186,(anonymous_31)
FN:189,(anonymous_32)
FN:212,render
FN:221,(anonymous_34)
FN:223,(anonymous_35)
FN:225,(anonymous_36)
FN:230,(anonymous_37)
FN:243,(anonymous_38)
FN:252,(anonymous_39)
FN:286,(anonymous_40)
FN:310,(anonymous_41)
FN:316,(anonymous_42)
FN:331,(anonymous_43)
FNF:44
FNH:0
FNDA:0,(anonymous_0)
FNDA:0,(anonymous_1)
FNDA:0,(anonymous_2)
FNDA:0,handleScroll
FNDA:0,init
FNDA:0,(anonymous_5)
FNDA:0,(anonymous_6)
FNDA:0,(anonymous_7)
FNDA:0,(anonymous_8)
FNDA:0,(anonymous_9)
FNDA:0,(anonymous_10)
FNDA:0,(anonymous_11)
FNDA:0,(anonymous_12)
FNDA:0,(anonymous_13)
FNDA:0,(anonymous_14)
FNDA:0,(anonymous_15)
FNDA:0,(anonymous_16)
FNDA:0,(anonymous_17)
FNDA:0,(anonymous_18)
FNDA:0,(anonymous_19)
FNDA:0,(anonymous_20)
FNDA:0,(anonymous_21)
FNDA:0,(anonymous_22)
FNDA:0,(anonymous_23)
FNDA:0,(anonymous_24)
FNDA:0,(anonymous_25)
FNDA:0,(anonymous_26)
FNDA:0,(anonymous_27)
FNDA:0,(anonymous_28)
FNDA:0,(anonymous_29)
FNDA:0,(anonymous_30)
FNDA:0,(anonymous_31)
FNDA:0,(anonymous_32)
FNDA:0,render
FNDA:0,(anonymous_34)
FNDA:0,(anonymous_35)
FNDA:0,(anonymous_36)
FNDA:0,(anonymous_37)
FNDA:0,(anonymous_38)
FNDA:0,(anonymous_39)
FNDA:0,(anonymous_40)
FNDA:0,(anonymous_41)
FNDA:0,(anonymous_42)
FNDA:0,(anonymous_43)
DA:5,0
DA:8,0
DA:12,0
DA:15,0
DA:16,0
DA:17,0
DA:18,0
DA:19,0
DA:20,0
DA:21,0
DA:22,0
DA:23,0
DA:24,0
DA:25,0
DA:26,0
DA:29,0
DA:30,0
DA:31,0
DA:32,0
DA:33,0
DA:34,0
DA:35,0
DA:36,0
DA:37,0
DA:38,0
DA:46,0
DA:47,0
DA:48,0
DA:49,0
DA:50,0
DA:53,0
DA:54,0
DA:55,0
DA:56,0
DA:57,0
DA:58,0
DA:59,0
DA:60,0
DA:61,0
DA:65,0
DA:67,0
DA:68,0
DA:70,0
DA:71,0
DA:73,0
DA:74,0
DA:75,0
DA:76,0
DA:77,0
DA:78,0
DA:79,0
DA:80,0
DA:81,0
DA:82,0
DA:83,0
DA:84,0
DA:85,0
DA:86,0
DA:88,0
DA:89,0
DA:90,0
DA:91,0
DA:93,0
DA:94,0
DA:95,0
DA:96,0
DA:97,0
DA:98,0
DA:99,0
DA:101,0
DA:102,0
DA:103,0
DA:104,0
DA:105,0
DA:106,0
DA:109,0
DA:124,0
DA:127,0
DA:130,0
DA:133,0
DA:136,0
DA:139,0
DA:142,0
DA:145,0
DA:148,0
DA:151,0
DA:154,0
DA:157,0
DA:160,0
DA:163,0
DA:166,0
DA:169,0
DA:172,0
DA:175,0
DA:181,0
DA:184,0
DA:187,0
DA:190,0
DA:197,0
DA:201,0
DA:205,0
DA:206,0
DA:207,0
DA:208,0
DA:213,0
DA:214,0
DA:215,0
DA:216,0
DA:217,0
DA:221,0
DA:223,0
DA:225,0
DA:230,0
DA:243,0
DA:252,0
DA:286,0
DA:310,0
DA:317,0
DA:318,0
DA:331,0
DA:340,0
DA:341,0
LF:122
LH:0
BRDA:5,0,0,0
BRDA:5,0,1,0
BRDA:8,1,0,0
BRDA:8,1,1,0
BRDA:8,2,0,0
BRDA:8,2,1,0
BRDA:55,3,0,0
BRDA:55,3,1,0
BRDA:60,4,0,0
BRDA:60,4,1,0
BRDA:61,5,0,0
BRDA:61,5,1,0
BRDA:61,6,0,0
BRDA:61,6,1,0
BRDA:95,7,0,0
BRDA:95,7,1,0
BRDA:96,8,0,0
BRDA:96,8,1,0
BRDA:97,9,0,0
BRDA:97,9,1,0
BRDA:98,10,0,0
BRDA:98,10,1,0
BRDA:99,11,0,0
BRDA:99,11,1,0
BRDA:270,12,0,0
BRDA:270,12,1,0
BRDA:270,13,0,0
BRDA:270,13,1,0
BRDA:301,14,0,0
BRDA:301,14,1,0
BRF:30
BRH:0
end_of_record
TN:
SF:src\view\Index.vue
FN:7,(anonymous_0)
FN:27,(anonymous_1)
FN:34,(anonymous_2)
FN:37,(anonymous_3)
FN:40,(anonymous_4)
FN:43,(anonymous_5)
FN:46,(anonymous_6)
FN:49,(anonymous_7)
FN:66,render
FN:73,(anonymous_9)
FN:79,(anonymous_10)
FN:88,(anonymous_11)
FNF:12
FNH:0
FNDA:0,(anonymous_0)
FNDA:0,(anonymous_1)
FNDA:0,(anonymous_2)
FNDA:0,(anonymous_3)
FNDA:0,(anonymous_4)
FNDA:0,(anonymous_5)
FNDA:0,(anonymous_6)
FNDA:0,(anonymous_7)
FNDA:0,render
FNDA:0,(anonymous_9)
FNDA:0,(anonymous_10)
FNDA:0,(anonymous_11)
DA:5,0
DA:8,0
DA:12,0
DA:15,0
DA:16,0
DA:17,0
DA:18,0
DA:19,0
DA:25,0
DA:28,0
DA:29,0
DA:30,0
DA:31,0
DA:32,0
DA:33,0
DA:35,0
DA:38,0
DA:41,0
DA:44,0
DA:47,0
DA:50,0
DA:55,0
DA:59,0
DA:63,0
DA:64,0
DA:65,0
DA:67,0
DA:68,0
DA:69,0
DA:73,0
DA:79,0
DA:88,0
DA:104,0
DA:105,0
LF:34
LH:0
BRDA:5,0,0,0
BRDA:5,0,1,0
BRDA:8,1,0,0
BRDA:8,1,1,0
BRDA:8,2,0,0
BRDA:8,2,1,0
BRF:6
BRH:0
end_of_record
TN:
SF:src\view\Loading.vue
FN:16,render
FNF:1
FNH:0
FNDA:0,render
DA:4,0
DA:7,0
DA:8,0
DA:13,0
DA:14,0
DA:15,0
DA:17,0
DA:19,0
DA:20,0
LF:9
LH:0
BRF:0
BRH:0
end_of_record
TN:
SF:src\view\Submit.vue
FN:7,(anonymous_0)
FN:8,adopt
FN:9,(anonymous_2)
FN:13,(anonymous_3)
FN:14,fulfilled
FN:21,rejected
FN:28,step
FN:38,(anonymous_7)
FN:41,(anonymous_8)
FN:56,(anonymous_9)
FN:59,verb
FN:60,(anonymous_11)
FN:64,step
FN:130,(anonymous_13)
FN:146,(anonymous_14)
FN:150,(anonymous_15)
FN:164,(anonymous_16)
FN:193,(anonymous_17)
FN:194,(anonymous_18)
FN:196,(anonymous_19)
FN:203,(anonymous_20)
FN:204,(anonymous_21)
FN:220,(anonymous_22)
FN:233,(anonymous_23)
FN:234,(anonymous_24)
FN:247,(anonymous_25)
FN:248,(anonymous_26)
FN:255,(anonymous_27)
FN:259,(anonymous_28)
FN:331,render
FN:341,(anonymous_30)
FN:343,(anonymous_31)
FN:348,(anonymous_32)
FN:362,(anonymous_33)
FN:378,(anonymous_34)
FN:382,(anonymous_35)
FN:388,(anonymous_36)
FN:398,(anonymous_37)
FN:408,(anonymous_38)
FN:418,(anonymous_39)
FN:428,(anonymous_40)
FN:438,(anonymous_41)
FN:448,(anonymous_42)
FN:458,(anonymous_43)
FN:468,(anonymous_44)
FN:470,(anonymous_45)
FN:472,(anonymous_46)
FN:475,(anonymous_47)
FN:495,(anonymous_48)
FN:499,(anonymous_49)
FN:505,(anonymous_50)
FN:515,(anonymous_51)
FN:525,(anonymous_52)
FN:535,(anonymous_53)
FN:545,(anonymous_54)
FN:555,(anonymous_55)
FN:564,(anonymous_56)
FN:569,(anonymous_57)
FN:583,(anonymous_58)
FN:592,(anonymous_59)
FN:604,(anonymous_60)
FNF:61
FNH:0
FNDA:0,(anonymous_0)
FNDA:0,adopt
FNDA:0,(anonymous_2)
FNDA:0,(anonymous_3)
FNDA:0,fulfilled
FNDA:0,rejected
FNDA:0,step
FNDA:0,(anonymous_7)
FNDA:0,(anonymous_8)
FNDA:0,(anonymous_9)
FNDA:0,verb
FNDA:0,(anonymous_11)
FNDA:0,step
FNDA:0,(anonymous_13)
FNDA:0,(anonymous_14)
FNDA:0,(anonymous_15)
FNDA:0,(anonymous_16)
FNDA:0,(anonymous_17)
FNDA:0,(anonymous_18)
FNDA:0,(anonymous_19)
FNDA:0,(anonymous_20)
FNDA:0,(anonymous_21)
FNDA:0,(anonymous_22)
FNDA:0,(anonymous_23)
FNDA:0,(anonymous_24)
FNDA:0,(anonymous_25)
FNDA:0,(anonymous_26)
FNDA:0,(anonymous_27)
FNDA:0,(anonymous_28)
FNDA:0,render
FNDA:0,(anonymous_30)
FNDA:0,(anonymous_31)
FNDA:0,(anonymous_32)
FNDA:0,(anonymous_33)
FNDA:0,(anonymous_34)
FNDA:0,(anonymous_35)
FNDA:0,(anonymous_36)
FNDA:0,(anonymous_37)
FNDA:0,(anonymous_38)
FNDA:0,(anonymous_39)
FNDA:0,(anonymous_40)
FNDA:0,(anonymous_41)
FNDA:0,(anonymous_42)
FNDA:0,(anonymous_43)
FNDA:0,(anonymous_44)
FNDA:0,(anonymous_45)
FNDA:0,(anonymous_46)
FNDA:0,(anonymous_47)
FNDA:0,(anonymous_48)
FNDA:0,(anonymous_49)
FNDA:0,(anonymous_50)
FNDA:0,(anonymous_51)
FNDA:0,(anonymous_52)
FNDA:0,(anonymous_53)
FNDA:0,(anonymous_54)
FNDA:0,(anonymous_55)
FNDA:0,(anonymous_56)
FNDA:0,(anonymous_57)
FNDA:0,(anonymous_58)
FNDA:0,(anonymous_59)
FNDA:0,(anonymous_60)
DA:5,0
DA:9,0
DA:10,0
DA:13,0
DA:15,0
DA:16,0
DA:18,0
DA:22,0
DA:23,0
DA:25,0
DA:29,0
DA:31,0
DA:36,0
DA:39,0
DA:42,0
DA:43,0
DA:52,0
DA:57,0
DA:60,0
DA:61,0
DA:65,0
DA:66,0
DA:67,0
DA:68,0
DA:69,0
DA:72,0
DA:73,0
DA:75,0
DA:76,0
DA:81,0
DA:82,0
DA:83,0
DA:84,0
DA:86,0
DA:87,0
DA:88,0
DA:90,0
DA:91,0
DA:92,0
DA:94,0
DA:95,0
DA:96,0
DA:98,0
DA:99,0
DA:100,0
DA:101,0
DA:103,0
DA:104,0
DA:105,0
DA:106,0
DA:108,0
DA:109,0
DA:110,0
DA:112,0
DA:114,0
DA:115,0
DA:117,0
DA:119,0
DA:120,0
DA:128,0
DA:131,0
DA:135,0
DA:138,0
DA:139,0
DA:140,0
DA:141,0
DA:142,0
DA:143,0
DA:144,0
DA:147,0
DA:148,0
DA:149,0
DA:150,0
DA:153,0
DA:154,0
DA:155,0
DA:156,0
DA:157,0
DA:164,0
DA:166,0
DA:167,0
DA:168,0
DA:169,0
DA:171,0
DA:172,0
DA:173,0
DA:174,0
DA:175,0
DA:176,0
DA:177,0
DA:178,0
DA:179,0
DA:186,0
DA:189,0
DA:193,0
DA:194,0
DA:196,0
DA:197,0
DA:199,0
DA:200,0
DA:201,0
DA:202,0
DA:203,0
DA:204,0
DA:206,0
DA:207,0
DA:209,0
DA:212,0
DA:213,0
DA:214,0
DA:215,0
DA:218,0
DA:219,0
DA:220,0
DA:221,0
DA:222,0
DA:223,0
DA:224,0
DA:229,0
DA:233,0
DA:234,0
DA:235,0
DA:236,0
DA:240,0
DA:241,0
DA:247,0
DA:248,0
DA:249,0
DA:251,0
DA:252,0
DA:255,0
DA:256,0
DA:257,0
DA:259,0
DA:260,0
DA:261,0
DA:269,0
DA:278,0
DA:293,0
DA:297,0
DA:301,0
DA:302,0
DA:303,0
DA:304,0
DA:305,0
DA:306,0
DA:307,0
DA:308,0
DA:309,0
DA:310,0
DA:311,0
DA:315,0
DA:319,0
DA:323,0
DA:327,0
DA:328,0
DA:329,0
DA:330,0
DA:332,0
DA:333,0
DA:334,0
DA:335,0
DA:336,0
DA:337,0
DA:341,0
DA:343,0
DA:348,0
DA:363,0
DA:378,0
DA:382,0
DA:388,0
DA:398,0
DA:408,0
DA:418,0
DA:428,0
DA:438,0
DA:448,0
DA:458,0
DA:468,0
DA:471,0
DA:472,0
DA:475,0
DA:496,0
DA:499,0
DA:505,0
DA:515,0
DA:525,0
DA:535,0
DA:545,0
DA:555,0
DA:564,0
DA:569,0
DA:583,0
DA:592,0
DA:604,0
DA:627,0
DA:628,0
LF:197
LH:0
BRDA:5,0,0,0
BRDA:5,0,1,0
BRDA:9,1,0,0
BRDA:9,1,1,0
BRDA:13,2,0,0
BRDA:13,2,1,0
BRDA:29,3,0,0
BRDA:29,3,1,0
BRDA:31,4,0,0
BRDA:31,4,1,0
BRDA:36,5,0,0
BRDA:36,5,1,0
BRDA:42,6,0,0
BRDA:42,6,1,0
BRDA:56,7,0,0
BRDA:56,7,1,0
BRDA:65,8,0,0
BRDA:65,8,1,0
BRDA:66,9,0,0
BRDA:66,9,1,0
BRDA:66,10,0,0
BRDA:66,10,1,0
BRDA:67,11,0,0
BRDA:67,11,1,0
BRDA:67,12,0,0
BRDA:67,12,1,0
BRDA:67,12,2,0
BRDA:67,13,0,0
BRDA:67,13,1,0
BRDA:67,14,0,0
BRDA:67,14,1,0
BRDA:67,15,0,0
BRDA:67,15,1,0
BRDA:67,16,0,0
BRDA:67,16,1,0
BRDA:68,17,0,0
BRDA:68,17,1,0
BRDA:69,18,0,0
BRDA:69,18,1,0
BRDA:69,18,2,0
BRDA:69,18,3,0
BRDA:69,18,4,0
BRDA:69,18,5,0
BRDA:90,19,0,0
BRDA:90,19,1,0
BRDA:90,20,0,0
BRDA:90,20,1,0
BRDA:90,20,2,0
BRDA:90,21,0,0
BRDA:90,21,1,0
BRDA:94,22,0,0
BRDA:94,22,1,0
BRDA:94,23,0,0
BRDA:94,23,1,0
BRDA:94,23,2,0
BRDA:94,23,3,0
BRDA:98,24,0,0
BRDA:98,24,1,0
BRDA:98,25,0,0
BRDA:98,25,1,0
BRDA:103,26,0,0
BRDA:103,26,1,0
BRDA:103,27,0,0
BRDA:103,27,1,0
BRDA:108,28,0,0
BRDA:108,28,1,0
BRDA:119,29,0,0
BRDA:119,29,1,0
BRDA:121,30,0,0
BRDA:121,30,1,0
BRDA:128,31,0,0
BRDA:128,31,1,0
BRDA:131,32,0,0
BRDA:131,32,1,0
BRDA:131,33,0,0
BRDA:131,33,1,0
BRDA:172,34,0,0
BRDA:172,34,1,0
BRDA:174,35,0,0
BRDA:174,35,1,0
BRDA:197,36,0,0
BRDA:197,36,1,0
BRDA:197,36,2,0
BRDA:206,37,0,0
BRDA:206,37,1,0
BRDA:206,38,0,0
BRDA:206,38,1,0
BRDA:207,39,0,0
BRDA:207,39,1,0
BRDA:213,40,0,0
BRDA:213,40,1,0
BRDA:251,41,0,0
BRDA:251,41,1,0
BRDA:260,42,0,0
BRDA:260,42,1,0
BRDA:348,43,0,0
BRDA:348,43,1,0
BRDA:466,44,0,0
BRDA:466,44,1,0
BRF:99
BRH:0
end_of_record
